[2019-02-26 17:42:39.002] [sharedprocess] [info] main {"machineId":"731c09b33918b51751f31916c84dc18fe161df3141a411cd86ea89f1361c6655"}
[2019-02-26 17:42:39.108] [sharedprocess] [info] Scanned user extensions: 17
[2019-02-26 17:42:39.123] [sharedprocess] [info] Scanned user extensions: 17
[2019-02-26 17:42:39.123] [sharedprocess] [info] Scanned user extensions: 17
[2019-02-26 17:42:39.163] [sharedprocess] [info] Scanned user extensions: 17
[2019-02-26 17:42:39.230] [sharedprocess] [info] Scanned system extensions: 71
[2019-02-26 17:42:39.252] [sharedprocess] [info] Scanned system extensions: 71
[2019-02-26 17:42:39.256] [sharedprocess] [info] Scanned system extensions: 71
[2019-02-26 17:42:39.263] [sharedprocess] [info] Deleted from disk tomoki1207.pdf /home/awh4kc/.vscode-oss/extensions/tomoki1207.pdf-0.4.3
[2019-02-26 17:42:40.590] [sharedprocess] [info] Installing extension: ms-python.python
[2019-02-26 17:42:40.633] [sharedprocess] [info] Scanned user extensions: 17
[2019-02-26 17:42:43.049] [sharedprocess] [info] Downloaded extension: ms-python.python /tmp/288e233f-5e95-48bd-b469-9df6a25a7e6b
[2019-02-26 17:42:43.904] [sharedprocess] [info] Extracted extension to /home/awh4kc/.vscode-oss/extensions/.ms-python.python-2019.2.5416: ms-python.python
[2019-02-26 17:42:43.904] [sharedprocess] [info] Renamed to /home/awh4kc/.vscode-oss/extensions/ms-python.python-2019.2.5416
[2019-02-26 17:42:43.908] [sharedprocess] [info] Installation completed. ms-python.python
[2019-02-26 17:42:43.933] [sharedprocess] [info] Extensions installed successfully: ms-python.python
[2019-02-26 17:43:19.013] [sharedprocess] [info] Starting to clean up unused language packs.
[2019-02-26 17:47:39.225] [sharedprocess] [info] Scanned user extensions: 17
[2019-02-26 17:52:39.277] [sharedprocess] [info] Scanned user extensions: 17
[2019-02-26 17:57:39.327] [sharedprocess] [info] Scanned user extensions: 17
[2019-02-26 18:02:39.370] [sharedprocess] [info] Scanned user extensions: 17
[2019-02-26 18:07:39.417] [sharedprocess] [info] Scanned user extensions: 17
[2019-02-26 18:12:39.468] [sharedprocess] [info] Scanned user extensions: 17
[2019-02-26 18:17:39.515] [sharedprocess] [info] Scanned user extensions: 17
[2019-02-26 18:22:39.553] [sharedprocess] [info] Scanned user extensions: 17
[2019-02-26 18:27:39.595] [sharedprocess] [info] Scanned user extensions: 17
[2019-02-26 18:32:39.640] [sharedprocess] [info] Scanned user extensions: 17
[2019-02-26 18:37:39.688] [sharedprocess] [info] Scanned user extensions: 17
[2019-02-26 18:42:39.736] [sharedprocess] [info] Scanned user extensions: 17
[2019-02-26 18:47:39.785] [sharedprocess] [info] Scanned user extensions: 17
[2019-02-26 18:52:39.834] [sharedprocess] [info] Scanned user extensions: 17
[2019-02-26 18:57:39.882] [sharedprocess] [info] Scanned user extensions: 17
[2019-02-26 19:02:39.930] [sharedprocess] [info] Scanned user extensions: 17
[2019-02-26 19:07:39.983] [sharedprocess] [info] Scanned user extensions: 17
[2019-02-26 19:12:40.037] [sharedprocess] [info] Scanned user extensions: 17
[2019-02-26 19:17:40.085] [sharedprocess] [info] Scanned user extensions: 17
[2019-02-26 19:22:40.137] [sharedprocess] [info] Scanned user extensions: 17
[2019-02-26 19:27:40.186] [sharedprocess] [info] Scanned user extensions: 17
[2019-02-26 19:32:40.238] [sharedprocess] [info] Scanned user extensions: 17
[2019-02-26 19:37:40.289] [sharedprocess] [info] Scanned user extensions: 17
[2019-02-26 19:42:40.319] [sharedprocess] [info] Scanned user extensions: 17
[2019-02-26 19:47:40.359] [sharedprocess] [info] Scanned user extensions: 17
[2019-02-26 19:52:40.403] [sharedprocess] [info] Scanned user extensions: 17
[2019-02-26 19:57:40.430] [sharedprocess] [info] Scanned user extensions: 17
[2019-02-26 20:02:40.471] [sharedprocess] [info] Scanned user extensions: 17
[2019-02-26 20:07:40.516] [sharedprocess] [info] Scanned user extensions: 17
[2019-02-26 20:12:40.554] [sharedprocess] [info] Scanned user extensions: 17
[2019-02-26 20:17:40.614] [sharedprocess] [info] Scanned user extensions: 17
[2019-02-26 20:22:40.666] [sharedprocess] [info] Scanned user extensions: 17
[2019-02-26 20:27:40.711] [sharedprocess] [info] Scanned user extensions: 17
[2019-02-26 20:32:40.754] [sharedprocess] [info] Scanned user extensions: 17
[2019-02-26 20:37:40.806] [sharedprocess] [info] Scanned user extensions: 17
[2019-02-26 20:42:40.854] [sharedprocess] [info] Scanned user extensions: 17
[2019-02-26 20:47:40.900] [sharedprocess] [info] Scanned user extensions: 17
[2019-02-26 20:52:40.936] [sharedprocess] [info] Scanned user extensions: 17
[2019-02-26 20:57:40.966] [sharedprocess] [info] Scanned user extensions: 17
[2019-02-26 21:02:40.992] [sharedprocess] [info] Scanned user extensions: 17
[2019-02-26 22:04:18.854] [sharedprocess] [info] Scanned user extensions: 17
[2019-02-26 22:09:18.898] [sharedprocess] [info] Scanned user extensions: 17
[2019-02-26 22:14:18.942] [sharedprocess] [info] Scanned user extensions: 17
[2019-02-26 22:19:18.993] [sharedprocess] [info] Scanned user extensions: 17
[2019-02-26 22:24:19.043] [sharedprocess] [info] Scanned user extensions: 17
[2019-02-26 22:29:19.096] [sharedprocess] [info] Scanned user extensions: 17
[2019-02-26 22:34:19.155] [sharedprocess] [info] Scanned user extensions: 17
[2019-02-26 22:39:19.206] [sharedprocess] [info] Scanned user extensions: 17
[2019-02-26 22:44:19.255] [sharedprocess] [info] Scanned user extensions: 17
[2019-02-26 22:49:19.309] [sharedprocess] [info] Scanned user extensions: 17
[2019-02-26 22:54:19.358] [sharedprocess] [info] Scanned user extensions: 17
[2019-02-26 22:59:19.401] [sharedprocess] [info] Scanned user extensions: 17
[2019-02-26 23:04:19.447] [sharedprocess] [info] Scanned user extensions: 17
[2019-02-26 23:09:19.498] [sharedprocess] [info] Scanned user extensions: 17
[2019-02-26 23:14:19.555] [sharedprocess] [info] Scanned user extensions: 17
[2019-02-26 23:19:19.624] [sharedprocess] [info] Scanned user extensions: 17
[2019-02-26 23:24:19.680] [sharedprocess] [info] Scanned user extensions: 17
[2019-02-26 23:29:19.732] [sharedprocess] [info] Scanned user extensions: 17
[2019-02-26 23:34:19.785] [sharedprocess] [info] Scanned user extensions: 17
[2019-02-26 23:39:19.834] [sharedprocess] [info] Scanned user extensions: 17
[2019-02-26 23:44:19.884] [sharedprocess] [info] Scanned user extensions: 17
[2019-02-26 23:49:19.934] [sharedprocess] [info] Scanned user extensions: 17
[2019-02-26 23:54:19.986] [sharedprocess] [info] Scanned user extensions: 17
[2019-02-26 23:59:20.039] [sharedprocess] [info] Scanned user extensions: 17
[2019-02-27 00:04:20.095] [sharedprocess] [info] Scanned user extensions: 17
[2019-02-27 00:09:20.145] [sharedprocess] [info] Scanned user extensions: 17
[2019-02-27 00:14:20.196] [sharedprocess] [info] Scanned user extensions: 17
[2019-02-27 00:19:20.228] [sharedprocess] [info] Scanned user extensions: 17
[2019-02-27 00:24:20.274] [sharedprocess] [info] Scanned user extensions: 17
[2019-02-27 00:29:20.335] [sharedprocess] [info] Scanned user extensions: 17
[2019-02-27 00:34:20.386] [sharedprocess] [info] Scanned user extensions: 17
[2019-02-27 00:39:20.424] [sharedprocess] [info] Scanned user extensions: 17
[2019-02-27 12:40:47.708] [sharedprocess] [info] Scanned user extensions: 17
[2019-02-27 12:45:47.753] [sharedprocess] [info] Scanned user extensions: 17
[2019-02-27 12:50:47.811] [sharedprocess] [info] Scanned user extensions: 17
[2019-02-27 12:55:47.864] [sharedprocess] [info] Scanned user extensions: 17
[2019-02-27 13:00:47.916] [sharedprocess] [info] Scanned user extensions: 17
[2019-02-27 13:05:47.952] [sharedprocess] [info] Scanned user extensions: 17
[2019-02-27 13:10:48.007] [sharedprocess] [info] Scanned user extensions: 17
[2019-02-27 13:15:48.055] [sharedprocess] [info] Scanned user extensions: 17
[2019-02-27 13:20:48.102] [sharedprocess] [info] Scanned user extensions: 17
[2019-02-27 13:25:48.146] [sharedprocess] [info] Scanned user extensions: 17
[2019-02-27 15:29:36.259] [sharedprocess] [info] Scanned user extensions: 17
[2019-02-27 15:34:36.308] [sharedprocess] [info] Scanned user extensions: 17
[2019-02-27 15:39:36.354] [sharedprocess] [info] Scanned user extensions: 17
[2019-02-27 15:44:36.397] [sharedprocess] [info] Scanned user extensions: 17
[2019-02-27 15:49:36.440] [sharedprocess] [info] Scanned user extensions: 17
[2019-02-27 15:54:36.486] [sharedprocess] [info] Scanned user extensions: 17
[2019-02-27 17:58:22.611] [sharedprocess] [info] Scanned user extensions: 17
[2019-02-27 18:03:22.665] [sharedprocess] [info] Scanned user extensions: 17
[2019-02-27 18:08:22.691] [sharedprocess] [info] Scanned user extensions: 17
[2019-02-27 18:13:22.731] [sharedprocess] [info] Scanned user extensions: 17
[2019-02-27 18:18:22.778] [sharedprocess] [info] Scanned user extensions: 17
[2019-02-27 18:23:22.832] [sharedprocess] [info] Scanned user extensions: 17
[2019-02-27 18:28:22.883] [sharedprocess] [info] Scanned user extensions: 17
[2019-02-27 18:33:22.941] [sharedprocess] [info] Scanned user extensions: 17
[2019-02-27 18:38:22.985] [sharedprocess] [info] Scanned user extensions: 17
[2019-02-27 18:43:23.029] [sharedprocess] [info] Scanned user extensions: 17
[2019-02-27 18:48:23.073] [sharedprocess] [info] Scanned user extensions: 17
[2019-02-27 18:53:23.121] [sharedprocess] [info] Scanned user extensions: 17
[2019-02-27 18:58:23.164] [sharedprocess] [info] Scanned user extensions: 17
[2019-02-27 19:03:23.206] [sharedprocess] [info] Scanned user extensions: 17
[2019-02-27 19:08:23.245] [sharedprocess] [info] Scanned user extensions: 17
[2019-02-27 19:13:23.280] [sharedprocess] [info] Scanned user extensions: 17
[2019-02-27 19:51:12.485] [sharedprocess] [info] Scanned user extensions: 17
[2019-02-27 19:56:12.533] [sharedprocess] [info] Scanned user extensions: 17
[2019-02-27 20:01:12.580] [sharedprocess] [info] Scanned user extensions: 17
[2019-02-27 20:06:12.631] [sharedprocess] [info] Scanned user extensions: 17
[2019-02-27 20:11:12.682] [sharedprocess] [info] Scanned user extensions: 17
[2019-02-27 20:16:12.725] [sharedprocess] [info] Scanned user extensions: 17
[2019-02-27 20:21:12.755] [sharedprocess] [info] Scanned user extensions: 17
[2019-02-27 20:26:12.788] [sharedprocess] [info] Scanned user extensions: 17
[2019-02-27 20:31:12.829] [sharedprocess] [info] Scanned user extensions: 17
[2019-02-27 20:36:12.880] [sharedprocess] [info] Scanned user extensions: 17
[2019-02-27 20:41:12.923] [sharedprocess] [info] Scanned user extensions: 17
[2019-02-27 20:46:12.965] [sharedprocess] [info] Scanned user extensions: 17
[2019-02-27 20:51:13.009] [sharedprocess] [info] Scanned user extensions: 17
[2019-02-27 20:56:13.054] [sharedprocess] [info] Scanned user extensions: 17
[2019-02-27 21:01:13.101] [sharedprocess] [info] Scanned user extensions: 17
[2019-02-27 21:06:13.149] [sharedprocess] [info] Scanned user extensions: 17
[2019-02-27 21:11:13.197] [sharedprocess] [info] Scanned user extensions: 17
[2019-02-27 21:16:13.243] [sharedprocess] [info] Scanned user extensions: 17
[2019-02-27 21:21:13.290] [sharedprocess] [info] Scanned user extensions: 17
[2019-02-27 21:26:13.336] [sharedprocess] [info] Scanned user extensions: 17
[2019-02-27 21:31:13.380] [sharedprocess] [info] Scanned user extensions: 17
[2019-02-27 21:36:13.413] [sharedprocess] [info] Scanned user extensions: 17
[2019-02-27 21:41:13.448] [sharedprocess] [info] Scanned user extensions: 17
[2019-02-27 21:46:13.489] [sharedprocess] [info] Scanned user extensions: 17
[2019-02-27 21:51:13.515] [sharedprocess] [info] Scanned user extensions: 17
[2019-02-27 21:56:13.550] [sharedprocess] [info] Scanned user extensions: 17
[2019-02-27 23:58:05.942] [sharedprocess] [info] Scanned user extensions: 17
[2019-02-28 00:03:05.978] [sharedprocess] [info] Scanned user extensions: 17
[2019-02-28 00:08:06.020] [sharedprocess] [info] Scanned user extensions: 17
[2019-02-28 00:13:06.067] [sharedprocess] [info] Scanned user extensions: 17
[2019-02-28 00:18:06.108] [sharedprocess] [info] Scanned user extensions: 17
[2019-02-28 00:23:06.149] [sharedprocess] [info] Scanned user extensions: 17
[2019-02-28 00:28:06.193] [sharedprocess] [info] Scanned user extensions: 17
[2019-02-28 00:33:06.238] [sharedprocess] [info] Scanned user extensions: 17
[2019-02-28 00:38:06.285] [sharedprocess] [info] Scanned user extensions: 17
[2019-02-28 00:43:06.333] [sharedprocess] [info] Scanned user extensions: 17
[2019-02-28 00:48:06.381] [sharedprocess] [info] Scanned user extensions: 17
[2019-02-28 00:53:06.425] [sharedprocess] [info] Scanned user extensions: 17
[2019-02-28 00:58:06.470] [sharedprocess] [info] Scanned user extensions: 17
[2019-02-28 01:03:01.871] [sharedprocess] [info] Installing extension: ms-python.python
[2019-02-28 01:03:01.898] [sharedprocess] [info] Scanned user extensions: 17
[2019-02-28 01:03:02.828] [sharedprocess] [info] Downloaded extension: ms-python.python /tmp/17fb6501-fb12-4960-bf7a-3c00750deb82
[2019-02-28 01:03:03.481] [sharedprocess] [info] Extracted extension to /home/awh4kc/.vscode-oss/extensions/.ms-python.python-2019.2.5433: ms-python.python
[2019-02-28 01:03:03.481] [sharedprocess] [info] Renamed to /home/awh4kc/.vscode-oss/extensions/ms-python.python-2019.2.5433
[2019-02-28 01:03:03.483] [sharedprocess] [info] Installation completed. ms-python.python
[2019-02-28 01:03:03.507] [sharedprocess] [info] Extensions installed successfully: ms-python.python
[2019-02-28 01:03:06.553] [sharedprocess] [info] Scanned user extensions: 17
[2019-02-28 01:08:06.607] [sharedprocess] [info] Scanned user extensions: 17
[2019-02-28 01:13:06.655] [sharedprocess] [info] Scanned user extensions: 17
[2019-02-28 01:18:06.717] [sharedprocess] [info] Scanned user extensions: 17
[2019-02-28 01:23:06.761] [sharedprocess] [info] Scanned user extensions: 17
[2019-02-28 01:28:06.804] [sharedprocess] [info] Scanned user extensions: 17
[2019-02-28 01:33:06.851] [sharedprocess] [info] Scanned user extensions: 17
[2019-02-28 01:38:06.899] [sharedprocess] [info] Scanned user extensions: 17
[2019-02-28 01:43:06.947] [sharedprocess] [info] Scanned user extensions: 17
[2019-02-28 01:48:06.994] [sharedprocess] [info] Scanned user extensions: 17
[2019-02-28 01:53:07.047] [sharedprocess] [info] Scanned user extensions: 17
[2019-02-28 01:58:07.099] [sharedprocess] [info] Scanned user extensions: 17
[2019-02-28 02:03:07.150] [sharedprocess] [info] Scanned user extensions: 17
[2019-02-28 02:08:07.198] [sharedprocess] [info] Scanned user extensions: 17
[2019-02-28 02:13:07.267] [sharedprocess] [info] Scanned user extensions: 17
[2019-02-28 02:18:07.316] [sharedprocess] [info] Scanned user extensions: 17
[2019-02-28 02:23:07.368] [sharedprocess] [info] Scanned user extensions: 17
[2019-02-28 02:28:07.425] [sharedprocess] [info] Scanned user extensions: 17
[2019-02-28 02:33:07.477] [sharedprocess] [info] Scanned user extensions: 17
[2019-02-28 02:38:07.517] [sharedprocess] [info] Scanned user extensions: 17
[2019-02-28 02:43:07.559] [sharedprocess] [info] Scanned user extensions: 17
[2019-02-28 02:48:07.604] [sharedprocess] [info] Scanned user extensions: 17
[2019-02-28 02:53:07.651] [sharedprocess] [info] Scanned user extensions: 17
[2019-02-28 02:58:07.716] [sharedprocess] [info] Scanned user extensions: 17
[2019-02-28 03:03:07.761] [sharedprocess] [info] Scanned user extensions: 17
[2019-02-28 03:08:07.814] [sharedprocess] [info] Scanned user extensions: 17
[2019-02-28 03:13:07.867] [sharedprocess] [info] Scanned user extensions: 17
[2019-02-28 03:18:07.916] [sharedprocess] [info] Scanned user extensions: 17
[2019-02-28 03:23:07.964] [sharedprocess] [info] Scanned user extensions: 17
[2019-02-28 03:28:08.015] [sharedprocess] [info] Scanned user extensions: 17
[2019-02-28 03:33:08.065] [sharedprocess] [info] Scanned user extensions: 17
[2019-02-28 03:38:08.113] [sharedprocess] [info] Scanned user extensions: 17
[2019-02-28 03:43:08.160] [sharedprocess] [info] Scanned user extensions: 17
[2019-02-28 03:48:08.207] [sharedprocess] [info] Scanned user extensions: 17
[2019-02-28 03:53:08.254] [sharedprocess] [info] Scanned user extensions: 17
[2019-02-28 03:58:08.303] [sharedprocess] [info] Scanned user extensions: 17
[2019-02-28 04:03:08.356] [sharedprocess] [info] Scanned user extensions: 17
[2019-02-28 04:08:08.405] [sharedprocess] [info] Scanned user extensions: 17
[2019-02-28 13:56:59.560] [sharedprocess] [info] Scanned user extensions: 17
[2019-02-28 14:01:59.616] [sharedprocess] [info] Scanned user extensions: 17
[2019-02-28 14:06:59.667] [sharedprocess] [info] Scanned user extensions: 17
[2019-02-28 14:11:59.726] [sharedprocess] [info] Scanned user extensions: 17
[2019-02-28 14:16:59.778] [sharedprocess] [info] Scanned user extensions: 17
[2019-02-28 14:21:59.830] [sharedprocess] [info] Scanned user extensions: 17
[2019-02-28 14:26:59.887] [sharedprocess] [info] Scanned user extensions: 17
[2019-02-28 14:31:59.938] [sharedprocess] [info] Scanned user extensions: 17
[2019-02-28 14:36:59.991] [sharedprocess] [info] Scanned user extensions: 17
[2019-02-28 14:42:00.049] [sharedprocess] [info] Scanned user extensions: 17
[2019-02-28 14:47:00.103] [sharedprocess] [info] Scanned user extensions: 17
[2019-02-28 14:52:00.154] [sharedprocess] [info] Scanned user extensions: 17
[2019-02-28 14:57:00.186] [sharedprocess] [info] Scanned user extensions: 17
[2019-02-28 15:48:35.660] [sharedprocess] [info] Scanned user extensions: 17
[2019-02-28 15:53:35.708] [sharedprocess] [info] Scanned user extensions: 17
[2019-02-28 15:58:35.753] [sharedprocess] [info] Scanned user extensions: 17
[2019-02-28 16:03:35.802] [sharedprocess] [info] Scanned user extensions: 17
[2019-02-28 16:08:35.855] [sharedprocess] [info] Scanned user extensions: 17
[2019-02-28 16:13:35.901] [sharedprocess] [info] Scanned user extensions: 17
[2019-02-28 16:18:35.950] [sharedprocess] [info] Scanned user extensions: 17
[2019-02-28 16:23:36.030] [sharedprocess] [info] Scanned user extensions: 17
[2019-02-28 16:28:36.087] [sharedprocess] [info] Scanned user extensions: 17
[2019-02-28 16:33:36.140] [sharedprocess] [info] Scanned user extensions: 17
[2019-02-28 16:38:36.190] [sharedprocess] [info] Scanned user extensions: 17
[2019-02-28 16:43:36.245] [sharedprocess] [info] Scanned user extensions: 17
[2019-02-28 16:48:36.282] [sharedprocess] [info] Scanned user extensions: 17
[2019-02-28 16:53:36.310] [sharedprocess] [info] Scanned user extensions: 17
[2019-02-28 16:58:36.350] [sharedprocess] [info] Scanned user extensions: 17
[2019-02-28 17:03:36.397] [sharedprocess] [info] Scanned user extensions: 17
[2019-02-28 17:08:36.450] [sharedprocess] [info] Scanned user extensions: 17
[2019-02-28 17:13:36.496] [sharedprocess] [info] Scanned user extensions: 17
[2019-02-28 17:43:03.218] [sharedprocess] [info] Scanned user extensions: 17
[2019-02-28 17:48:03.253] [sharedprocess] [info] Scanned user extensions: 17
[2019-02-28 17:53:03.306] [sharedprocess] [info] Scanned user extensions: 17
[2019-02-28 17:58:03.364] [sharedprocess] [info] Scanned user extensions: 17
[2019-02-28 18:03:03.423] [sharedprocess] [info] Scanned user extensions: 17
[2019-02-28 18:08:03.477] [sharedprocess] [info] Scanned user extensions: 17
[2019-02-28 18:13:03.529] [sharedprocess] [info] Scanned user extensions: 17
[2019-02-28 18:18:03.641] [sharedprocess] [info] Scanned user extensions: 17
[2019-03-01 11:06:49.176] [sharedprocess] [info] Scanned user extensions: 17
[2019-03-01 11:11:49.226] [sharedprocess] [info] Scanned user extensions: 17
[2019-03-01 11:16:49.277] [sharedprocess] [info] Scanned user extensions: 17
[2019-03-01 11:21:49.331] [sharedprocess] [info] Scanned user extensions: 17
[2019-03-01 11:26:49.382] [sharedprocess] [info] Scanned user extensions: 17
[2019-03-01 11:31:49.431] [sharedprocess] [info] Scanned user extensions: 17
[2019-03-01 11:36:49.482] [sharedprocess] [info] Scanned user extensions: 17
[2019-03-01 11:41:49.538] [sharedprocess] [info] Scanned user extensions: 17
[2019-03-01 11:46:49.577] [sharedprocess] [info] Scanned user extensions: 17
[2019-03-01 11:51:49.620] [sharedprocess] [info] Scanned user extensions: 17
[2019-03-01 11:56:49.675] [sharedprocess] [info] Scanned user extensions: 17
[2019-03-01 12:01:49.727] [sharedprocess] [info] Scanned user extensions: 17
[2019-03-01 12:06:49.802] [sharedprocess] [info] Scanned user extensions: 17
[2019-03-01 12:11:49.855] [sharedprocess] [info] Scanned user extensions: 17
[2019-03-01 12:16:49.893] [sharedprocess] [info] Scanned user extensions: 17
[2019-03-01 12:21:49.943] [sharedprocess] [info] Scanned user extensions: 17
[2019-03-01 12:26:50.018] [sharedprocess] [info] Scanned user extensions: 17
[2019-03-01 12:31:50.051] [sharedprocess] [info] Scanned user extensions: 17
[2019-03-01 12:36:50.092] [sharedprocess] [info] Scanned user extensions: 17
