[2019-02-25 15:53:53.665] [sharedprocess] [info] main {"machineId":"731c09b33918b51751f31916c84dc18fe161df3141a411cd86ea89f1361c6655"}
[2019-02-25 15:53:53.745] [sharedprocess] [info] Scanned user extensions: 17
[2019-02-25 15:53:53.773] [sharedprocess] [info] Scanned user extensions: 17
[2019-02-25 15:53:53.799] [sharedprocess] [info] Scanned system extensions: 71
[2019-02-25 15:53:53.807] [sharedprocess] [info] Scanned system extensions: 71
[2019-02-25 15:53:54.165] [sharedprocess] [info] Scanned user extensions: 17
[2019-02-25 15:53:55.057] [sharedprocess] [info] Installing extension: tomoki1207.pdf
[2019-02-25 15:53:55.071] [sharedprocess] [info] Scanned user extensions: 17
[2019-02-25 15:53:55.713] [sharedprocess] [info] Downloaded extension: tomoki1207.pdf /tmp/fb37c369-2032-460c-a175-5a1ce1865900
[2019-02-25 15:53:57.420] [sharedprocess] [info] Extracted extension to /home/awh4kc/.vscode-oss/extensions/.tomoki1207.pdf-0.5.0: tomoki1207.pdf
[2019-02-25 15:53:57.420] [sharedprocess] [info] Renamed to /home/awh4kc/.vscode-oss/extensions/tomoki1207.pdf-0.5.0
[2019-02-25 15:53:57.421] [sharedprocess] [info] Installation completed. tomoki1207.pdf
[2019-02-25 15:53:57.429] [sharedprocess] [info] Extensions installed successfully: tomoki1207.pdf
[2019-02-25 15:54:33.680] [sharedprocess] [info] Starting to clean up unused language packs.
[2019-02-25 15:58:54.267] [sharedprocess] [info] Scanned user extensions: 17
[2019-02-25 16:03:54.316] [sharedprocess] [info] Scanned user extensions: 17
[2019-02-25 16:08:54.360] [sharedprocess] [info] Scanned user extensions: 17
[2019-02-25 16:13:54.413] [sharedprocess] [info] Scanned user extensions: 17
[2019-02-25 16:18:54.460] [sharedprocess] [info] Scanned user extensions: 17
[2019-02-25 16:23:54.500] [sharedprocess] [info] Scanned user extensions: 17
[2019-02-25 16:28:54.545] [sharedprocess] [info] Scanned user extensions: 17
[2019-02-25 16:33:54.586] [sharedprocess] [info] Scanned user extensions: 17
[2019-02-25 16:38:54.667] [sharedprocess] [info] Scanned user extensions: 17
[2019-02-25 16:43:54.723] [sharedprocess] [info] Scanned user extensions: 17
[2019-02-25 16:48:54.768] [sharedprocess] [info] Scanned user extensions: 17
[2019-02-25 16:53:54.811] [sharedprocess] [info] Scanned user extensions: 17
[2019-02-25 16:58:54.858] [sharedprocess] [info] Scanned user extensions: 17
[2019-02-25 17:03:54.901] [sharedprocess] [info] Scanned user extensions: 17
[2019-02-25 17:08:54.942] [sharedprocess] [info] Scanned user extensions: 17
