[Error - 1:46:17 PM] Feb 24, 2019 1:46:17 PM Error occured while building workspace. Details: 
message: The method assertEquals(Node, Node) is undefined for the type BirdScootersTestCases;code: 67108964
message: The method assertEquals(Node, Node) is undefined for the type BirdScootersTestCases;code: 67108964
message: Test cannot be resolved to a type;code: 16777218
message: The method assertEquals(double, double, double) is undefined for the type BirdScootersTestCases;code: 67108964
message: Test cannot be resolved to a type;code: 16777218
message: The method assertEquals(Node, Node) is undefined for the type BirdScootersTestCases;code: 67108964
message: Test cannot be resolved to a type;code: 16777218
message: The method assertEquals(Node, Node) is undefined for the type BirdScootersTestCases;code: 67108964
message: Test cannot be resolved to a type;code: 16777218
message: The method assertEquals(Node, Node) is undefined for the type BirdScootersTestCases;code: 67108964
message: Test cannot be resolved to a type;code: 16777218
message: The method assertEquals(Node, Node) is undefined for the type BirdScootersTestCases;code: 67108964
message: Test cannot be resolved to a type;code: 16777218
message: The method assertEquals(Node, Node) is undefined for the type BirdScootersTestCases;code: 67108964
message: Test cannot be resolved to a type;code: 16777218
message: The import org.junit cannot be resolved;code: 268435846
message: The import org.junit cannot be resolved;code: 268435846
message: Test cannot be resolved to a type;code: 16777218
message: The method assertEquals(double, double, double) is undefined for the type BirdScootersTestCases;code: 67108964
message: The method assertEquals(double, double, double) is undefined for the type BirdScootersTestCases;code: 67108964
message: The method assertEquals(double, double, double) is undefined for the type BirdScootersTestCases;code: 67108964
message: Test cannot be resolved to a type;code: 16777218
message: The method assertEquals(Node, Node) is undefined for the type BirdScootersTestCases;code: 67108964
message: The method assertEquals(Node, Node) is undefined for the type BirdScootersTestCases;code: 67108964
message: The method assertEquals(Node, Node) is undefined for the type BirdScootersTestCases;code: 67108964
message: Test cannot be resolved to a type;code: 16777218
message: The import org.junit cannot be resolved;code: 268435846
message: The import org.junit cannot be resolved;code: 268435846
message: Test cannot be resolved to a type;code: 16777218
message: The method assertEquals(String, int, long) is undefined for the type DraftTestRunner;code: 67108964
message: Test cannot be resolved to a type;code: 16777218
message: The method assertTrue(String, boolean) is undefined for the type DraftTestRunner;code: 67108964
message: The method assertEquals(String, int, int) is undefined for the type DraftTestRunner;code: 67108964
message: Test cannot be resolved to a type;code: 16777218
message: The method assertTrue(String, boolean) is undefined for the type DraftTestRunner;code: 67108964
message: The method assertEquals(String, int, int) is undefined for the type DraftTestRunner;code: 67108964
message: Test cannot be resolved to a type;code: 16777218
message: The method assertTrue(String, boolean) is undefined for the type DraftTestRunner;code: 67108964
message: The method assertEquals(String, int, int) is undefined for the type DraftTestRunner;code: 67108964
message: The method fail(String) is undefined for the type DraftTestRunnerHidden;code: 67108964
message: The method fail(String) is undefined for the type DraftTestRunnerHidden;code: 67108964
message: Test cannot be resolved to a type;code: 16777218
message: The method assertTrue(String, boolean) is undefined for the type DraftTestRunnerHidden;code: 67108964
message: The method assertTrue(String, boolean) is undefined for the type DraftTestRunnerHidden;code: 67108964
message: Test cannot be resolved to a type;code: 16777218
message: The method assertTrue(String, boolean) is undefined for the type DraftTestRunnerHidden;code: 67108964
message: Test cannot be resolved to a type;code: 16777218
message: The import org.junit cannot be resolved;code: 268435846
message: The import org.junit cannot be resolved;code: 268435846
message: The method assertEquals(int, int) is undefined for the type AppleTestSort;code: 67108964
message: The method assertEquals(int, int) is undefined for the type AppleTestSort;code: 67108964
message: Test cannot be resolved to a type;code: 16777218
message: The method assertEquals(int, int) is undefined for the type AppleTestSort;code: 67108964
message: The method assertEquals(int, int) is undefined for the type AppleTestSort;code: 67108964
message: The method assertEquals(int, int) is undefined for the type AppleTestSort;code: 67108964
message: The method assertEquals(int, int) is undefined for the type AppleTestSort;code: 67108964
message: The method assertEquals(int, int) is undefined for the type AppleTestSort;code: 67108964
message: The method assertEquals(int, int) is undefined for the type AppleTestSort;code: 67108964
message: The method assertEquals(int, int) is undefined for the type AppleTestSort;code: 67108964
message: The method assertEquals(int, int) is undefined for the type AppleTestSort;code: 67108964
message: The method assertEquals(int, int) is undefined for the type AppleTestSort;code: 67108964
message: The method assertEquals(int, int) is undefined for the type AppleTestSort;code: 67108964
message: Test cannot be resolved to a type;code: 16777218
message: The method assertEquals(int, int) is undefined for the type AppleTestSort;code: 67108964
message: The method assertEquals(int, int) is undefined for the type AppleTestSort;code: 67108964
message: The method assertEquals(int, int) is undefined for the type AppleTestSort;code: 67108964
message: The method assertEquals(int, int) is undefined for the type AppleTestSort;code: 67108964
message: The method assertEquals(int, int) is undefined for the type AppleTestSort;code: 67108964
message: The method assertEquals(int, int) is undefined for the type AppleTestSort;code: 67108964
message: The method assertEquals(int, int) is undefined for the type AppleTestSort;code: 67108964
message: The method assertEquals(int, int) is undefined for the type AppleTestSort;code: 67108964
message: The method assertEquals(int, int) is undefined for the type AppleTestSort;code: 67108964
message: The method assertEquals(int, int) is undefined for the type AppleTestSort;code: 67108964
message: Test cannot be resolved to a type;code: 16777218
message: Test cannot be resolved to a type;code: 16777218
message: The import org.junit cannot be resolved;code: 268435846
message: The import junit cannot be resolved;code: 268435846
message: Test cannot be resolved to a type;code: 16777218
message: The method assertEquals(int, int) is undefined for the type AppleTestSort;code: 67108964
message: The method assertEquals(int, int) is undefined for the type AppleTestSort;code: 67108964
message: The method assertEquals(int, int) is undefined for the type AppleTestSort;code: 67108964
message: The method assertEquals(int, int) is undefined for the type AppleTestSort;code: 67108964
message: The method assertEquals(int, int) is undefined for the type AppleTestSort;code: 67108964
message: The method assertEquals(int, int) is undefined for the type AppleTestSort;code: 67108964
message: The method assertEquals(int, int) is undefined for the type TestCasesForNthPlaceLoser;code: 67108964
message: The import org.junit cannot be resolved;code: 268435846
message: The import org.junit cannot be resolved;code: 268435846
message: Test cannot be resolved to a type;code: 16777218
message: The method assertEquals(int, int) is undefined for the type TestCasesForNthPlaceLoser;code: 67108964
message: The method assertEquals(int, int) is undefined for the type TestCasesForNthPlaceLoser;code: 67108964
message: Test cannot be resolved to a type;code: 16777218
message: Test cannot be resolved to a type;code: 16777218
message: Assert cannot be resolved;code: 570425394
message: The import org.junit cannot be resolved;code: 268435846
message: The import org.junit cannot be resolved;code: 268435846
message: The import org.junit cannot be resolved;code: 268435846
message: The import org.junit cannot be resolved;code: 268435846
message: The import org.junit cannot be resolved;code: 268435846
message: The method assertEquals(List<Integer>, List<Integer>) is undefined for the type twitterPrivateTests;code: 67108964
message: The method assertEquals(List<Integer>, List<Integer>) is undefined for the type twitterPrivateTests;code: 67108964
message: The method assertEquals(List<Integer>, List<Integer>) is undefined for the type twitterPrivateTests;code: 67108964
message: Test cannot be resolved to a type;code: 16777218
message: Test cannot be resolved to a type;code: 16777218
message: The import org.junit cannot be resolved;code: 268435846
message: The import org.junit cannot be resolved;code: 268435846
message: The method assertEquals(List<Integer>, List<Integer>) is undefined for the type twitterPublicTestCase;code: 67108964
message: The import org.junit cannot be resolved;code: 268435846
message: Test cannot be resolved to a type;code: 16777218
message: Test cannot be resolved to a type;code: 16777218
message: Test cannot be resolved to a type;code: 16777218
message: The method assertEquals(int, int) is undefined for the type SNTestRunner;code: 67108964
message: Test cannot be resolved to a type;code: 16777218
message: The method assertEquals(int, int) is undefined for the type SNTestRunner;code: 67108964
message: The import org.junit cannot be resolved;code: 268435846
message: The import org.junit cannot be resolved;code: 268435846
message: Test cannot be resolved to a type;code: 16777218
message: The method assertEquals(String, int, int) is undefined for the type SNTestRunner;code: 67108964
message: The method assertEquals(String, int, int) is undefined for the type SNTestRunner;code: 67108964
message: The method assertEquals(String, int, int) is undefined for the type SNTestRunner;code: 67108964
message: Test cannot be resolved to a type;code: 16777218
message: The method assertEquals(int, int) is undefined for the type SNTestRunner;code: 67108964
message: The method assertEquals(int, int) is undefined for the type SNTestRunner;code: 67108964
message: The method assertNotNull(String, Node) is undefined for the type LRUTestRunner;code: 67108964
message: The method assertNotNull(String, Node) is undefined for the type LRUTestRunner;code: 67108964
message: Test cannot be resolved to a type;code: 16777218
message: The method assertEquals(int, int) is undefined for the type LRUTestRunner;code: 67108964
message: The method assertNull(Node) is undefined for the type LRUTestRunner;code: 67108964
message: The method assertEquals(int, int) is undefined for the type LRUTestRunner;code: 67108964
message: Test cannot be resolved to a type;code: 16777218
message: The method assertEquals(int, int) is undefined for the type LRUTestRunner;code: 67108964
message: The import junit cannot be resolved;code: 268435846
message: The import org.junit cannot be resolved;code: 268435846
message: The import org.junit cannot be resolved;code: 268435846
message: The import junit cannot be resolved;code: 268435846
message: Test cannot be resolved to a type;code: 16777218
message: The method assertEquals(int, int) is undefined for the type LRUTestRunner;code: 67108964
message: The method assertEquals(Node, null) is undefined for the type LRUTestRunner;code: 67108964
message: Test cannot be resolved to a type;code: 16777218
message: The method assertEquals(int, int) is undefined for the type LRUTestRunner;code: 67108964
message: The method assertEquals(int, int) is undefined for the type LRUTestRunner;code: 67108964
message: The method assertEquals(int, int) is undefined for the type LRUTestRunner;code: 67108964
message: The method assertEquals(int, int) is undefined for the type LRUTestRunner;code: 67108964
message: The method assertEquals(int, int) is undefined for the type LRUTestRunner;code: 67108964
message: Test cannot be resolved to a type;code: 16777218
message: The method assertNull(String, Node) is undefined for the type LRUTestRunner;code: 67108964
[Error - 1:46:28 PM] Feb 24, 2019 1:46:28 PM Error occured while building workspace. Details: 
message: The method assertEquals(Node, Node) is undefined for the type BirdScootersTestCases;code: 67108964
message: The method assertEquals(Node, Node) is undefined for the type BirdScootersTestCases;code: 67108964
message: Test cannot be resolved to a type;code: 16777218
message: The method assertEquals(double, double, double) is undefined for the type BirdScootersTestCases;code: 67108964
message: Test cannot be resolved to a type;code: 16777218
message: The method assertEquals(Node, Node) is undefined for the type BirdScootersTestCases;code: 67108964
message: Test cannot be resolved to a type;code: 16777218
message: The method assertEquals(Node, Node) is undefined for the type BirdScootersTestCases;code: 67108964
message: Test cannot be resolved to a type;code: 16777218
message: The method assertEquals(Node, Node) is undefined for the type BirdScootersTestCases;code: 67108964
message: Test cannot be resolved to a type;code: 16777218
message: The method assertEquals(Node, Node) is undefined for the type BirdScootersTestCases;code: 67108964
message: Test cannot be resolved to a type;code: 16777218
message: The method assertEquals(Node, Node) is undefined for the type BirdScootersTestCases;code: 67108964
message: Test cannot be resolved to a type;code: 16777218
message: The import org.junit cannot be resolved;code: 268435846
message: The import org.junit cannot be resolved;code: 268435846
message: Test cannot be resolved to a type;code: 16777218
message: The method assertEquals(double, double, double) is undefined for the type BirdScootersTestCases;code: 67108964
message: The method assertEquals(double, double, double) is undefined for the type BirdScootersTestCases;code: 67108964
message: The method assertEquals(double, double, double) is undefined for the type BirdScootersTestCases;code: 67108964
message: Test cannot be resolved to a type;code: 16777218
message: The method assertEquals(Node, Node) is undefined for the type BirdScootersTestCases;code: 67108964
message: The method assertEquals(Node, Node) is undefined for the type BirdScootersTestCases;code: 67108964
message: The method assertEquals(Node, Node) is undefined for the type BirdScootersTestCases;code: 67108964
message: Test cannot be resolved to a type;code: 16777218
message: The import org.junit cannot be resolved;code: 268435846
message: The import org.junit cannot be resolved;code: 268435846
message: Test cannot be resolved to a type;code: 16777218
message: The method assertEquals(String, int, long) is undefined for the type DraftTestRunner;code: 67108964
message: Test cannot be resolved to a type;code: 16777218
message: The method assertTrue(String, boolean) is undefined for the type DraftTestRunner;code: 67108964
message: The method assertEquals(String, int, int) is undefined for the type DraftTestRunner;code: 67108964
message: Test cannot be resolved to a type;code: 16777218
message: The method assertTrue(String, boolean) is undefined for the type DraftTestRunner;code: 67108964
message: The method assertEquals(String, int, int) is undefined for the type DraftTestRunner;code: 67108964
message: Test cannot be resolved to a type;code: 16777218
message: The method assertTrue(String, boolean) is undefined for the type DraftTestRunner;code: 67108964
message: The method assertEquals(String, int, int) is undefined for the type DraftTestRunner;code: 67108964
message: The method fail(String) is undefined for the type DraftTestRunnerHidden;code: 67108964
message: The method fail(String) is undefined for the type DraftTestRunnerHidden;code: 67108964
message: Test cannot be resolved to a type;code: 16777218
message: The method assertTrue(String, boolean) is undefined for the type DraftTestRunnerHidden;code: 67108964
message: The method assertTrue(String, boolean) is undefined for the type DraftTestRunnerHidden;code: 67108964
message: Test cannot be resolved to a type;code: 16777218
message: The method assertTrue(String, boolean) is undefined for the type DraftTestRunnerHidden;code: 67108964
message: Test cannot be resolved to a type;code: 16777218
message: The import org.junit cannot be resolved;code: 268435846
message: The import org.junit cannot be resolved;code: 268435846
message: The method assertEquals(int, int) is undefined for the type AppleTestSort;code: 67108964
message: The method assertEquals(int, int) is undefined for the type AppleTestSort;code: 67108964
message: Test cannot be resolved to a type;code: 16777218
message: The method assertEquals(int, int) is undefined for the type AppleTestSort;code: 67108964
message: The method assertEquals(int, int) is undefined for the type AppleTestSort;code: 67108964
message: The method assertEquals(int, int) is undefined for the type AppleTestSort;code: 67108964
message: The method assertEquals(int, int) is undefined for the type AppleTestSort;code: 67108964
message: The method assertEquals(int, int) is undefined for the type AppleTestSort;code: 67108964
message: The method assertEquals(int, int) is undefined for the type AppleTestSort;code: 67108964
message: The method assertEquals(int, int) is undefined for the type AppleTestSort;code: 67108964
message: The method assertEquals(int, int) is undefined for the type AppleTestSort;code: 67108964
message: The method assertEquals(int, int) is undefined for the type AppleTestSort;code: 67108964
message: The method assertEquals(int, int) is undefined for the type AppleTestSort;code: 67108964
message: Test cannot be resolved to a type;code: 16777218
message: The method assertEquals(int, int) is undefined for the type AppleTestSort;code: 67108964
message: The method assertEquals(int, int) is undefined for the type AppleTestSort;code: 67108964
message: The method assertEquals(int, int) is undefined for the type AppleTestSort;code: 67108964
message: The method assertEquals(int, int) is undefined for the type AppleTestSort;code: 67108964
message: The method assertEquals(int, int) is undefined for the type AppleTestSort;code: 67108964
message: The method assertEquals(int, int) is undefined for the type AppleTestSort;code: 67108964
message: The method assertEquals(int, int) is undefined for the type AppleTestSort;code: 67108964
message: The method assertEquals(int, int) is undefined for the type AppleTestSort;code: 67108964
message: The method assertEquals(int, int) is undefined for the type AppleTestSort;code: 67108964
message: The method assertEquals(int, int) is undefined for the type AppleTestSort;code: 67108964
message: Test cannot be resolved to a type;code: 16777218
message: Test cannot be resolved to a type;code: 16777218
message: The import org.junit cannot be resolved;code: 268435846
message: The import junit cannot be resolved;code: 268435846
message: Test cannot be resolved to a type;code: 16777218
message: The method assertEquals(int, int) is undefined for the type AppleTestSort;code: 67108964
message: The method assertEquals(int, int) is undefined for the type AppleTestSort;code: 67108964
message: The method assertEquals(int, int) is undefined for the type AppleTestSort;code: 67108964
message: The method assertEquals(int, int) is undefined for the type AppleTestSort;code: 67108964
message: The method assertEquals(int, int) is undefined for the type AppleTestSort;code: 67108964
message: The method assertEquals(int, int) is undefined for the type AppleTestSort;code: 67108964
message: The method assertEquals(int, int) is undefined for the type TestCasesForNthPlaceLoser;code: 67108964
message: The import org.junit cannot be resolved;code: 268435846
message: The import org.junit cannot be resolved;code: 268435846
message: Test cannot be resolved to a type;code: 16777218
message: The method assertEquals(int, int) is undefined for the type TestCasesForNthPlaceLoser;code: 67108964
message: The method assertEquals(int, int) is undefined for the type TestCasesForNthPlaceLoser;code: 67108964
message: Test cannot be resolved to a type;code: 16777218
message: Test cannot be resolved to a type;code: 16777218
message: Assert cannot be resolved;code: 570425394
message: The import org.junit cannot be resolved;code: 268435846
message: The import org.junit cannot be resolved;code: 268435846
message: The import org.junit cannot be resolved;code: 268435846
message: The import org.junit cannot be resolved;code: 268435846
message: The import org.junit cannot be resolved;code: 268435846
message: The method assertEquals(List<Integer>, List<Integer>) is undefined for the type twitterPrivateTests;code: 67108964
message: The method assertEquals(List<Integer>, List<Integer>) is undefined for the type twitterPrivateTests;code: 67108964
message: The method assertEquals(List<Integer>, List<Integer>) is undefined for the type twitterPrivateTests;code: 67108964
message: Test cannot be resolved to a type;code: 16777218
message: Test cannot be resolved to a type;code: 16777218
message: The import org.junit cannot be resolved;code: 268435846
message: The import org.junit cannot be resolved;code: 268435846
message: The method assertEquals(List<Integer>, List<Integer>) is undefined for the type twitterPublicTestCase;code: 67108964
message: The import org.junit cannot be resolved;code: 268435846
message: Test cannot be resolved to a type;code: 16777218
message: Test cannot be resolved to a type;code: 16777218
message: Test cannot be resolved to a type;code: 16777218
message: The method assertEquals(int, int) is undefined for the type SNTestRunner;code: 67108964
message: Test cannot be resolved to a type;code: 16777218
message: The method assertEquals(int, int) is undefined for the type SNTestRunner;code: 67108964
message: The import org.junit cannot be resolved;code: 268435846
message: The import org.junit cannot be resolved;code: 268435846
message: Test cannot be resolved to a type;code: 16777218
message: The method assertEquals(String, int, int) is undefined for the type SNTestRunner;code: 67108964
message: The method assertEquals(String, int, int) is undefined for the type SNTestRunner;code: 67108964
message: The method assertEquals(String, int, int) is undefined for the type SNTestRunner;code: 67108964
message: Test cannot be resolved to a type;code: 16777218
message: The method assertEquals(int, int) is undefined for the type SNTestRunner;code: 67108964
message: The method assertEquals(int, int) is undefined for the type SNTestRunner;code: 67108964
message: The method assertNotNull(String, Node) is undefined for the type LRUTestRunner;code: 67108964
message: The method assertNotNull(String, Node) is undefined for the type LRUTestRunner;code: 67108964
message: Test cannot be resolved to a type;code: 16777218
message: The method assertEquals(int, int) is undefined for the type LRUTestRunner;code: 67108964
message: The method assertNull(Node) is undefined for the type LRUTestRunner;code: 67108964
message: The method assertEquals(int, int) is undefined for the type LRUTestRunner;code: 67108964
message: Test cannot be resolved to a type;code: 16777218
message: The method assertEquals(int, int) is undefined for the type LRUTestRunner;code: 67108964
message: The import junit cannot be resolved;code: 268435846
message: The import org.junit cannot be resolved;code: 268435846
message: The import org.junit cannot be resolved;code: 268435846
message: The import junit cannot be resolved;code: 268435846
message: Test cannot be resolved to a type;code: 16777218
message: The method assertEquals(int, int) is undefined for the type LRUTestRunner;code: 67108964
message: The method assertEquals(Node, null) is undefined for the type LRUTestRunner;code: 67108964
message: Test cannot be resolved to a type;code: 16777218
message: The method assertEquals(int, int) is undefined for the type LRUTestRunner;code: 67108964
message: The method assertEquals(int, int) is undefined for the type LRUTestRunner;code: 67108964
message: The method assertEquals(int, int) is undefined for the type LRUTestRunner;code: 67108964
message: The method assertEquals(int, int) is undefined for the type LRUTestRunner;code: 67108964
message: The method assertEquals(int, int) is undefined for the type LRUTestRunner;code: 67108964
message: Test cannot be resolved to a type;code: 16777218
message: The method assertNull(String, Node) is undefined for the type LRUTestRunner;code: 67108964
[Error - 1:47:30 PM] Feb 24, 2019 1:47:30 PM Error occured while building workspace. Details: 
message: The method assertEquals(Node, Node) is undefined for the type BirdScootersTestCases;code: 67108964
message: The method assertEquals(Node, Node) is undefined for the type BirdScootersTestCases;code: 67108964
message: Test cannot be resolved to a type;code: 16777218
message: The method assertEquals(double, double, double) is undefined for the type BirdScootersTestCases;code: 67108964
message: Test cannot be resolved to a type;code: 16777218
message: The method assertEquals(Node, Node) is undefined for the type BirdScootersTestCases;code: 67108964
message: Test cannot be resolved to a type;code: 16777218
message: The method assertEquals(Node, Node) is undefined for the type BirdScootersTestCases;code: 67108964
message: Test cannot be resolved to a type;code: 16777218
message: The method assertEquals(Node, Node) is undefined for the type BirdScootersTestCases;code: 67108964
message: Test cannot be resolved to a type;code: 16777218
message: The method assertEquals(Node, Node) is undefined for the type BirdScootersTestCases;code: 67108964
message: Test cannot be resolved to a type;code: 16777218
message: The method assertEquals(Node, Node) is undefined for the type BirdScootersTestCases;code: 67108964
message: Test cannot be resolved to a type;code: 16777218
message: The import org.junit cannot be resolved;code: 268435846
message: The import org.junit cannot be resolved;code: 268435846
message: Test cannot be resolved to a type;code: 16777218
message: The method assertEquals(double, double, double) is undefined for the type BirdScootersTestCases;code: 67108964
message: The method assertEquals(double, double, double) is undefined for the type BirdScootersTestCases;code: 67108964
message: The method assertEquals(double, double, double) is undefined for the type BirdScootersTestCases;code: 67108964
message: Test cannot be resolved to a type;code: 16777218
message: The method assertEquals(Node, Node) is undefined for the type BirdScootersTestCases;code: 67108964
message: The method assertEquals(Node, Node) is undefined for the type BirdScootersTestCases;code: 67108964
message: The method assertEquals(Node, Node) is undefined for the type BirdScootersTestCases;code: 67108964
message: Test cannot be resolved to a type;code: 16777218
message: The import org.junit cannot be resolved;code: 268435846
message: The import org.junit cannot be resolved;code: 268435846
message: Test cannot be resolved to a type;code: 16777218
message: The method assertEquals(String, int, long) is undefined for the type DraftTestRunner;code: 67108964
message: Test cannot be resolved to a type;code: 16777218
message: The method assertTrue(String, boolean) is undefined for the type DraftTestRunner;code: 67108964
message: The method assertEquals(String, int, int) is undefined for the type DraftTestRunner;code: 67108964
message: Test cannot be resolved to a type;code: 16777218
message: The method assertTrue(String, boolean) is undefined for the type DraftTestRunner;code: 67108964
message: The method assertEquals(String, int, int) is undefined for the type DraftTestRunner;code: 67108964
message: Test cannot be resolved to a type;code: 16777218
message: The method assertTrue(String, boolean) is undefined for the type DraftTestRunner;code: 67108964
message: The method assertEquals(String, int, int) is undefined for the type DraftTestRunner;code: 67108964
message: The method fail(String) is undefined for the type DraftTestRunnerHidden;code: 67108964
message: The method fail(String) is undefined for the type DraftTestRunnerHidden;code: 67108964
message: Test cannot be resolved to a type;code: 16777218
message: The method assertTrue(String, boolean) is undefined for the type DraftTestRunnerHidden;code: 67108964
message: The method assertTrue(String, boolean) is undefined for the type DraftTestRunnerHidden;code: 67108964
message: Test cannot be resolved to a type;code: 16777218
message: The method assertTrue(String, boolean) is undefined for the type DraftTestRunnerHidden;code: 67108964
message: Test cannot be resolved to a type;code: 16777218
message: The import org.junit cannot be resolved;code: 268435846
message: The import org.junit cannot be resolved;code: 268435846
message: The method assertEquals(int, int) is undefined for the type AppleTestSort;code: 67108964
message: The method assertEquals(int, int) is undefined for the type AppleTestSort;code: 67108964
message: Test cannot be resolved to a type;code: 16777218
message: The method assertEquals(int, int) is undefined for the type AppleTestSort;code: 67108964
message: The method assertEquals(int, int) is undefined for the type AppleTestSort;code: 67108964
message: The method assertEquals(int, int) is undefined for the type AppleTestSort;code: 67108964
message: The method assertEquals(int, int) is undefined for the type AppleTestSort;code: 67108964
message: The method assertEquals(int, int) is undefined for the type AppleTestSort;code: 67108964
message: The method assertEquals(int, int) is undefined for the type AppleTestSort;code: 67108964
message: The method assertEquals(int, int) is undefined for the type AppleTestSort;code: 67108964
message: The method assertEquals(int, int) is undefined for the type AppleTestSort;code: 67108964
message: The method assertEquals(int, int) is undefined for the type AppleTestSort;code: 67108964
message: The method assertEquals(int, int) is undefined for the type AppleTestSort;code: 67108964
message: Test cannot be resolved to a type;code: 16777218
message: The method assertEquals(int, int) is undefined for the type AppleTestSort;code: 67108964
message: The method assertEquals(int, int) is undefined for the type AppleTestSort;code: 67108964
message: The method assertEquals(int, int) is undefined for the type AppleTestSort;code: 67108964
message: The method assertEquals(int, int) is undefined for the type AppleTestSort;code: 67108964
message: The method assertEquals(int, int) is undefined for the type AppleTestSort;code: 67108964
message: The method assertEquals(int, int) is undefined for the type AppleTestSort;code: 67108964
message: The method assertEquals(int, int) is undefined for the type AppleTestSort;code: 67108964
message: The method assertEquals(int, int) is undefined for the type AppleTestSort;code: 67108964
message: The method assertEquals(int, int) is undefined for the type AppleTestSort;code: 67108964
message: The method assertEquals(int, int) is undefined for the type AppleTestSort;code: 67108964
message: Test cannot be resolved to a type;code: 16777218
message: Test cannot be resolved to a type;code: 16777218
message: The import org.junit cannot be resolved;code: 268435846
message: The import junit cannot be resolved;code: 268435846
message: Test cannot be resolved to a type;code: 16777218
message: The method assertEquals(int, int) is undefined for the type AppleTestSort;code: 67108964
message: The method assertEquals(int, int) is undefined for the type AppleTestSort;code: 67108964
message: The method assertEquals(int, int) is undefined for the type AppleTestSort;code: 67108964
message: The method assertEquals(int, int) is undefined for the type AppleTestSort;code: 67108964
message: The method assertEquals(int, int) is undefined for the type AppleTestSort;code: 67108964
message: The method assertEquals(int, int) is undefined for the type AppleTestSort;code: 67108964
message: The method assertEquals(int, int) is undefined for the type TestCasesForNthPlaceLoser;code: 67108964
message: The import org.junit cannot be resolved;code: 268435846
message: The import org.junit cannot be resolved;code: 268435846
message: Test cannot be resolved to a type;code: 16777218
message: The method assertEquals(int, int) is undefined for the type TestCasesForNthPlaceLoser;code: 67108964
message: The method assertEquals(int, int) is undefined for the type TestCasesForNthPlaceLoser;code: 67108964
message: Test cannot be resolved to a type;code: 16777218
message: Test cannot be resolved to a type;code: 16777218
message: Assert cannot be resolved;code: 570425394
message: The import org.junit cannot be resolved;code: 268435846
message: The import org.junit cannot be resolved;code: 268435846
message: The import org.junit cannot be resolved;code: 268435846
message: The import org.junit cannot be resolved;code: 268435846
message: The import org.junit cannot be resolved;code: 268435846
message: The method assertEquals(List<Integer>, List<Integer>) is undefined for the type twitterPrivateTests;code: 67108964
message: The method assertEquals(List<Integer>, List<Integer>) is undefined for the type twitterPrivateTests;code: 67108964
message: The method assertEquals(List<Integer>, List<Integer>) is undefined for the type twitterPrivateTests;code: 67108964
message: Test cannot be resolved to a type;code: 16777218
message: Test cannot be resolved to a type;code: 16777218
message: The import org.junit cannot be resolved;code: 268435846
message: The import org.junit cannot be resolved;code: 268435846
message: The method assertEquals(List<Integer>, List<Integer>) is undefined for the type twitterPublicTestCase;code: 67108964
message: The import org.junit cannot be resolved;code: 268435846
message: Test cannot be resolved to a type;code: 16777218
message: Test cannot be resolved to a type;code: 16777218
message: Test cannot be resolved to a type;code: 16777218
message: The method assertEquals(int, int) is undefined for the type SNTestRunner;code: 67108964
message: Test cannot be resolved to a type;code: 16777218
message: The method assertEquals(int, int) is undefined for the type SNTestRunner;code: 67108964
message: The import org.junit cannot be resolved;code: 268435846
message: The import org.junit cannot be resolved;code: 268435846
message: Test cannot be resolved to a type;code: 16777218
message: The method assertEquals(String, int, int) is undefined for the type SNTestRunner;code: 67108964
message: The method assertEquals(String, int, int) is undefined for the type SNTestRunner;code: 67108964
message: The method assertEquals(String, int, int) is undefined for the type SNTestRunner;code: 67108964
message: Test cannot be resolved to a type;code: 16777218
message: The method assertEquals(int, int) is undefined for the type SNTestRunner;code: 67108964
message: The method assertEquals(int, int) is undefined for the type SNTestRunner;code: 67108964
message: The method assertNotNull(String, Node) is undefined for the type LRUTestRunner;code: 67108964
message: The method assertNotNull(String, Node) is undefined for the type LRUTestRunner;code: 67108964
message: Test cannot be resolved to a type;code: 16777218
message: The method assertEquals(int, int) is undefined for the type LRUTestRunner;code: 67108964
message: The method assertNull(Node) is undefined for the type LRUTestRunner;code: 67108964
message: The method assertEquals(int, int) is undefined for the type LRUTestRunner;code: 67108964
message: Test cannot be resolved to a type;code: 16777218
message: The method assertEquals(int, int) is undefined for the type LRUTestRunner;code: 67108964
message: The import junit cannot be resolved;code: 268435846
message: The import org.junit cannot be resolved;code: 268435846
message: The import org.junit cannot be resolved;code: 268435846
message: The import junit cannot be resolved;code: 268435846
message: Test cannot be resolved to a type;code: 16777218
message: The method assertEquals(int, int) is undefined for the type LRUTestRunner;code: 67108964
message: The method assertEquals(Node, null) is undefined for the type LRUTestRunner;code: 67108964
message: Test cannot be resolved to a type;code: 16777218
message: The method assertEquals(int, int) is undefined for the type LRUTestRunner;code: 67108964
message: The method assertEquals(int, int) is undefined for the type LRUTestRunner;code: 67108964
message: The method assertEquals(int, int) is undefined for the type LRUTestRunner;code: 67108964
message: The method assertEquals(int, int) is undefined for the type LRUTestRunner;code: 67108964
message: The method assertEquals(int, int) is undefined for the type LRUTestRunner;code: 67108964
message: Test cannot be resolved to a type;code: 16777218
message: The method assertNull(String, Node) is undefined for the type LRUTestRunner;code: 67108964
