[29024][1549466944559][main][info]["Booting Postman 6.7.3, linux-4.19.16-1-MANJARO on x64"]
[29024][1549466944563][main][info]["EventBus\\x7einitialize - Success"]
[29024][1549466944566][main][info]["UpdateHandler\\x7einit - Success"]
[29024][1549466944567][main][info]["RuntimeExecutionService\\x7einitialized: Success"]
[29024][1549466944605][main][info]["ProtocolHandler\\x7einit - Success with status: false]"]
[29024][1549466944617][main][info]["PluginHost - Booted for 1th time"]
[29024][1549466944798][main][info]["Bootstrap-models\\x7ebootstrap - Success"]
[29024][1549466946657][main][info]["Main\\x7eAppEvents - Received booted event for process shared"]
[29024][1549466948313][main][info]["UpdateHandler\\x7eapp-update-events - Received event",{"name":"checkForElectronVersionUpdated","namespace":"appUpdate"}]
[29024][1549466948314][main][info]["Main\\x7eAppEvents - Received booted event for process requester"]
[29024][1549514063967][main][info]["WindowManager\\x7ecloseHandler - Closed Window (id: 4 )"]
[29024][1549514064000][main][info]["Qitting app"]
[29024][1549514064006][main][info][null]
[29024][1549514064028][main][error][{"name":"Error","message":"PluginHost exited with code null","stack":"Error: PluginHost exited with code null\n    at PluginHost.onHostExit (/opt/postman/app/resources/app/node_modules/@postman/app-plugins-host/index.js:100:21)\n    at emitTwo (events.js:125:13)\n    at ChildProcess.emit (events.js:213:7)\n    at Process.ChildProcess._handle.onexit (internal/child_process.js:200:12)"}]
[29024][1549514064043][main][error][{"name":"Error","message":"Trying to boot plugin host for 2th time","stack":"Error: Trying to boot plugin host for 2th time\n    at PluginHost.bootHost (/opt/postman/app/resources/app/node_modules/@postman/app-plugins-host/index.js:23:23)\n    at PluginHost.onHostExit (/opt/postman/app/resources/app/node_modules/@postman/app-plugins-host/index.js:101:10)\n    at emitTwo (events.js:125:13)\n    at ChildProcess.emit (events.js:213:7)\n    at Process.ChildProcess._handle.onexit (internal/child_process.js:200:12)"}]
[13351][1550614278058][main][info]["Booting Postman 6.7.3, linux-4.19.20-1-MANJARO on x64"]
[13351][1550614278069][main][info]["EventBus\\x7einitialize - Success"]
[13351][1550614278078][main][info]["UpdateHandler\\x7einit - Success"]
[13351][1550614278081][main][info]["RuntimeExecutionService\\x7einitialized: Success"]
[13351][1550614278160][main][info]["ProtocolHandler\\x7einit - Success with status: false]"]
[13351][1550614278186][main][info]["PluginHost - Booted for 1th time"]
[13351][1550614278382][main][info]["Bootstrap-models\\x7ebootstrap - Success"]
[13351][1550614279529][main][info]["Qitting app"]
[13351][1550614279531][main][info][null]
[13351][1550614279544][main][error][{"name":"Error","message":"PluginHost exited with code null","stack":"Error: PluginHost exited with code null\n    at PluginHost.onHostExit (/opt/postman/app/resources/app/node_modules/@postman/app-plugins-host/index.js:100:21)\n    at emitTwo (events.js:125:13)\n    at ChildProcess.emit (events.js:213:7)\n    at Process.ChildProcess._handle.onexit (internal/child_process.js:200:12)"}]
[13351][1550614279550][main][error][{"name":"Error","message":"Trying to boot plugin host for 2th time","stack":"Error: Trying to boot plugin host for 2th time\n    at PluginHost.bootHost (/opt/postman/app/resources/app/node_modules/@postman/app-plugins-host/index.js:23:23)\n    at PluginHost.onHostExit (/opt/postman/app/resources/app/node_modules/@postman/app-plugins-host/index.js:101:10)\n    at emitTwo (events.js:125:13)\n    at ChildProcess.emit (events.js:213:7)\n    at Process.ChildProcess._handle.onexit (internal/child_process.js:200:12)"}]
