[29024][1549466945021][pluginHost][info]["Booting Plugin Host for Postman 6.7.3, linux-4.19.16-1-MANJARO on x64"]
[29024][1549466945028][pluginHost][info]["PluginsHost - Host: Booted"]
[29024][1549466945033][pluginHost][info]["not exist",{"errno":-2,"code":"ENOENT","syscall":"open","path":"/home/awh4kc/.config/Postman/plugins/postman.openApi/version.json","name":"Error","message":"ENOENT: no such file or directory, open '/home/awh4kc/.config/Postman/plugins/postman.openApi/version.json'","stack":"Error: ENOENT: no such file or directory, open '/home/awh4kc/.config/Postman/plugins/postman.openApi/version.json'"}]
[29024][1549466945033][pluginHost][info]["PluginInstallationService-installOrUpdatePlugins Installing plugin",{"version":"0.0.9","pluginId":"postman.openApi","isInstalled":false}]
[29024][1549466945034][pluginHost][info]["PluginInstallationService-installFromLocal",{"pluginZipPath":"/opt/postman/app/resources/app/plugins/postman.openApi.zip","pluginsDir":"/home/awh4kc/.config/Postman/plugins","currVersionDirPath":"/home/awh4kc/.config/Postman/plugins/postman.openApi/0.0.9","tempDir":"/tmp","result":{"pluginId":"postman.openApi","version":"0.0.9","status":null}}]
[29024][1549466945034][pluginHost][info]["PluginInstallationService-installFromLocal extracting"]
[29024][1549466945143][pluginHost][info]["PluginInstallationService-installFromLocal extracted",{"pluginId":"postman.openApi","version":"0.0.9","status":null}]
[29024][1549466945143][pluginHost][info]["PluginInstallationService-installFromLocal moving",{"extractedPluginPath":"/tmp/postman.openApi"}]
[29024][1549466945144][pluginHost][warn]["PluginInstallationService-installFromLocal Caught an error",{"errno":-18,"code":"EXDEV","syscall":"rename","path":"/tmp/postman.openApi","dest":"/home/awh4kc/.config/Postman/plugins/postman.openApi/0.0.9","name":"Error","message":"EXDEV: cross-device link not permitted, rename '/tmp/postman.openApi' -> '/home/awh4kc/.config/Postman/plugins/postman.openApi/0.0.9'","stack":"Error: EXDEV: cross-device link not permitted, rename '/tmp/postman.openApi' -> '/home/awh4kc/.config/Postman/plugins/postman.openApi/0.0.9'"},{"pluginId":"postman.openApi","version":"0.0.9","status":"failed","error":{}}]
[29024][1549466945144][pluginHost][info]["PluginInstallationService-installFromLocal Completed installing plugin",{"pluginId":"postman.openApi","version":"0.0.9","status":"failed","error":{}}]
[29024][1549466945145][pluginHost][info]["PluginsHost: Synced all plugins",[{"pluginId":"postman.openApi","version":"0.0.9","status":"failed","error":{}}]]
[13351][1550614278601][pluginHost][info]["Booting Plugin Host for Postman 6.7.3, linux-4.19.20-1-MANJARO on x64"]
[13351][1550614278606][pluginHost][info]["PluginsHost - Host: Booted"]
[13351][1550614278610][pluginHost][info]["not exist",{"errno":-2,"code":"ENOENT","syscall":"open","path":"/home/awh4kc/.config/Postman/plugins/postman.openApi/version.json","name":"Error","message":"ENOENT: no such file or directory, open '/home/awh4kc/.config/Postman/plugins/postman.openApi/version.json'","stack":"Error: ENOENT: no such file or directory, open '/home/awh4kc/.config/Postman/plugins/postman.openApi/version.json'"}]
[13351][1550614278611][pluginHost][info]["PluginInstallationService-installOrUpdatePlugins Installing plugin",{"version":"0.0.9","pluginId":"postman.openApi","isInstalled":false}]
[13351][1550614278611][pluginHost][info]["PluginInstallationService-installFromLocal",{"pluginZipPath":"/opt/postman/app/resources/app/plugins/postman.openApi.zip","pluginsDir":"/home/awh4kc/.config/Postman/plugins","currVersionDirPath":"/home/awh4kc/.config/Postman/plugins/postman.openApi/0.0.9","tempDir":"/tmp","result":{"pluginId":"postman.openApi","version":"0.0.9","status":null}}]
[13351][1550614278611][pluginHost][info]["PluginInstallationService-installFromLocal extracting"]
[13351][1550614278705][pluginHost][info]["PluginInstallationService-installFromLocal extracted",{"pluginId":"postman.openApi","version":"0.0.9","status":null}]
[13351][1550614278705][pluginHost][info]["PluginInstallationService-installFromLocal moving",{"extractedPluginPath":"/tmp/postman.openApi"}]
[13351][1550614278706][pluginHost][warn]["PluginInstallationService-installFromLocal Caught an error",{"errno":-18,"code":"EXDEV","syscall":"rename","path":"/tmp/postman.openApi","dest":"/home/awh4kc/.config/Postman/plugins/postman.openApi/0.0.9","name":"Error","message":"EXDEV: cross-device link not permitted, rename '/tmp/postman.openApi' -> '/home/awh4kc/.config/Postman/plugins/postman.openApi/0.0.9'","stack":"Error: EXDEV: cross-device link not permitted, rename '/tmp/postman.openApi' -> '/home/awh4kc/.config/Postman/plugins/postman.openApi/0.0.9'"},{"pluginId":"postman.openApi","version":"0.0.9","status":"failed","error":{}}]
[13351][1550614278706][pluginHost][info]["PluginInstallationService-installFromLocal Completed installing plugin",{"pluginId":"postman.openApi","version":"0.0.9","status":"failed","error":{}}]
[13351][1550614278708][pluginHost][info]["PluginsHost: Synced all plugins",[{"pluginId":"postman.openApi","version":"0.0.9","status":"failed","error":{}}]]
