[29024][1549466946283][shared][info]["EventBus\\x7einitialize - Success"]
[29024][1549466946286][shared][info]["Messaging\\x7eboot - Success"]
[29024][1549466946291][shared][info]["Telemetry\\x7eboot - Success"]
[29024][1549466946292][shared][info]["bootConfigurations\\x7einitialize - Success"]
[29024][1549466946297][shared][info]["Settings\\x7eboot - Success"]
[29024][1549466946298][shared][info]["Migrations: Starting migrations"]
[29024][1549466946298][shared][info]["Migrations: Walking migration","0000_initial"]
[29024][1549466946298][shared][info]["Migrations: Walking migration","0001_add_archived_resources_table"]
[29024][1549466946299][shared][info]["Migrations: Walking migration","0002_add_variable_sessions_table"]
[29024][1549466946299][shared][info]["Migrations: Walking migration","0003_add_editor_tables"]
[29024][1549466946299][shared][info]["Migrations: Walking migration","0004_migrate_ws_session_data"]
[29024][1549466946299][shared][info]["Migrations: Walking migration","0005_cleanup_request_response_and_history_body"]
[29024][1549466946299][shared][info]["Migrations: Walking migration","0006_add_dbp_to_request_response_and_history"]
[29024][1549466946299][shared][info]["Migrations: Walking migration","0007_add_sync_client_buckets_by_order_id_table"]
[29024][1549466946299][shared][info]["Migrations: Walking migration","0008_migrate_to_sync_client_buckets_by_order_id"]
[29024][1549466946299][shared][info]["Migrations: Walking migration","0009_remove_sync_client_buckets_table"]
[29024][1549466946299][shared][info]["Migrations: Walking migration","0010_add_history_owner"]
[29024][1549466946300][shared][info]["Migrations: Walking migration","0011_add_history_response_table"]
[29024][1549466946300][shared][info]["Migrations: Walking migration","0012_add_user_data_table"]
[29024][1549466946300][shared][info]["Migrations: Walking migration","0013_sanitize_request_response_and_history_methods"]
[29024][1549466946300][shared][info]["Migrations: Walking migration","0014_sanitize_response_requestobject_rawmodedata"]
[29024][1549466946300][shared][info]["Migrations: Starting migration","0000_initial"]
[29024][1549466946301][shared][info]["Migrations: Setting context before starting migration","0000_initial",{"0000_initial":"started"}]
[29024][1549466946301][shared][info]["Migrations: Applying migration","0000_initial"]
[29024][1549466946301][shared][info]["Migrations: Upgrading IndexedDB to version","0000_initial",1]
[29024][1549466946302][shared][info]["Migrations: Adding pending commit to queue","0000_initial"]
[29024][1549466946302][shared][info]["Migrations: Starting migration","0001_add_archived_resources_table"]
[29024][1549466946302][shared][info]["Migrations: Setting context before starting migration","0001_add_archived_resources_table",{"0000_initial":"started","0001_add_archived_resources_table":"started"}]
[29024][1549466946303][shared][info]["Migrations: Applying migration","0001_add_archived_resources_table"]
[29024][1549466946303][shared][info]["Migrations: Upgrading IndexedDB to version","0001_add_archived_resources_table",2]
[29024][1549466946304][shared][info]["Migrations: Adding pending commit to queue","0001_add_archived_resources_table"]
[29024][1549466946304][shared][info]["Migrations: Starting migration","0002_add_variable_sessions_table"]
[29024][1549466946304][shared][info]["Migrations: Setting context before starting migration","0002_add_variable_sessions_table",{"0000_initial":"started","0001_add_archived_resources_table":"started","0002_add_variable_sessions_table":"started"}]
[29024][1549466946304][shared][info]["Migrations: Applying migration","0002_add_variable_sessions_table"]
[29024][1549466946304][shared][info]["Migrations: Upgrading IndexedDB to version","0002_add_variable_sessions_table",3]
[29024][1549466946305][shared][info]["Migrations: Adding pending commit to queue","0002_add_variable_sessions_table"]
[29024][1549466946305][shared][info]["Migrations: Starting migration","0003_add_editor_tables"]
[29024][1549466946305][shared][info]["Migrations: Setting context before starting migration","0003_add_editor_tables",{"0000_initial":"started","0001_add_archived_resources_table":"started","0002_add_variable_sessions_table":"started","0003_add_editor_tables":"started"}]
[29024][1549466946306][shared][info]["Migrations: Applying migration","0003_add_editor_tables"]
[29024][1549466946306][shared][info]["Migrations: Upgrading IndexedDB to version","0003_add_editor_tables",4]
[29024][1549466946307][shared][info]["Migrations: Adding pending commit to queue","0003_add_editor_tables"]
[29024][1549466946307][shared][info]["Migrations: Starting migration","0004_migrate_ws_session_data"]
[29024][1549466946307][shared][info]["Migrations: Flushing pending migrations for","0004_migrate_ws_session_data"]
[29024][1549466946307][shared][info]["Migrations: Flushing pending commit for type","IndexeddbSchemaMigration"]
[29024][1549466946308][shared][info]["Migrations: Committing IndexedDB upgrade"]
[29024][1549466946350][shared][info]["Migrations: Updating status in migration context",{"0000_initial":"started","0001_add_archived_resources_table":"started","0002_add_variable_sessions_table":"started","0003_add_editor_tables":"started"}]
[29024][1549466946350][shared][info]["Migrations: Updated status in migration context",{"0000_initial":"finished","0001_add_archived_resources_table":"finished","0002_add_variable_sessions_table":"finished","0003_add_editor_tables":"finished"}]
[29024][1549466946351][shared][info]["Migrations: Setting context before starting migration","0004_migrate_ws_session_data",{"0000_initial":"finished","0001_add_archived_resources_table":"finished","0002_add_variable_sessions_table":"finished","0003_add_editor_tables":"finished","0004_migrate_ws_session_data":"started"}]
[29024][1549466946351][shared][info]["Migrations: Applying migration","0004_migrate_ws_session_data"]
[29024][1549466946352][shared][info]["Migrations: Processing IndexedDB data migration","0004_migrate_ws_session_data"]
[29024][1549466946354][shared][info]["Migration\\x7eTabs: Starting migration"]
[29024][1549466946360][shared][info]["Migration\\x7eTabs: Completed transformation"]
[29024][1549466946360][shared][info]["Migration\\x7eTabs: Creating editors"]
[29024][1549466946363][shared][info]["Migration\\x7eTabs: Creating editor models"]
[29024][1549466946365][shared][info]["Migrations: Saving migration context after completion","0004_migrate_ws_session_data",{"0000_initial":"finished","0001_add_archived_resources_table":"finished","0002_add_variable_sessions_table":"finished","0003_add_editor_tables":"finished","0004_migrate_ws_session_data":"started"}]
[29024][1549466946366][shared][info]["Migrations: Starting migration","0005_cleanup_request_response_and_history_body"]
[29024][1549466946366][shared][info]["Migrations: Flushing pending migrations for","0005_cleanup_request_response_and_history_body"]
[29024][1549466946366][shared][info]["Migrations: Updating status in migration context",{"0000_initial":"finished","0001_add_archived_resources_table":"finished","0002_add_variable_sessions_table":"finished","0003_add_editor_tables":"finished","0004_migrate_ws_session_data":"finished"}]
[29024][1549466946367][shared][info]["Migrations: Updated status in migration context",{"0000_initial":"finished","0001_add_archived_resources_table":"finished","0002_add_variable_sessions_table":"finished","0003_add_editor_tables":"finished","0004_migrate_ws_session_data":"finished"}]
[29024][1549466946367][shared][info]["Migrations: Setting context before starting migration","0005_cleanup_request_response_and_history_body",{"0000_initial":"finished","0001_add_archived_resources_table":"finished","0002_add_variable_sessions_table":"finished","0003_add_editor_tables":"finished","0004_migrate_ws_session_data":"finished","0005_cleanup_request_response_and_history_body":"started"}]
[29024][1549466946368][shared][info]["Migrations: Applying migration","0005_cleanup_request_response_and_history_body"]
[29024][1549466946369][shared][info]["Migrations: Processing IndexedDB data migration","0005_cleanup_request_response_and_history_body"]
[29024][1549466946376][shared][info]["Migrations: Saving migration context after completion","0005_cleanup_request_response_and_history_body",{"0000_initial":"finished","0001_add_archived_resources_table":"finished","0002_add_variable_sessions_table":"finished","0003_add_editor_tables":"finished","0004_migrate_ws_session_data":"finished","0005_cleanup_request_response_and_history_body":"started"}]
[29024][1549466946376][shared][info]["Migrations: Starting migration","0006_add_dbp_to_request_response_and_history"]
[29024][1549466946377][shared][info]["Migrations: Flushing pending migrations for","0006_add_dbp_to_request_response_and_history"]
[29024][1549466946377][shared][info]["Migrations: Updating status in migration context",{"0000_initial":"finished","0001_add_archived_resources_table":"finished","0002_add_variable_sessions_table":"finished","0003_add_editor_tables":"finished","0004_migrate_ws_session_data":"finished","0005_cleanup_request_response_and_history_body":"finished"}]
[29024][1549466946377][shared][info]["Migrations: Updated status in migration context",{"0000_initial":"finished","0001_add_archived_resources_table":"finished","0002_add_variable_sessions_table":"finished","0003_add_editor_tables":"finished","0004_migrate_ws_session_data":"finished","0005_cleanup_request_response_and_history_body":"finished"}]
[29024][1549466946378][shared][info]["Migrations: Setting context before starting migration","0006_add_dbp_to_request_response_and_history",{"0000_initial":"finished","0001_add_archived_resources_table":"finished","0002_add_variable_sessions_table":"finished","0003_add_editor_tables":"finished","0004_migrate_ws_session_data":"finished","0005_cleanup_request_response_and_history_body":"finished","0006_add_dbp_to_request_response_and_history":"started"}]
[29024][1549466946378][shared][info]["Migrations: Applying migration","0006_add_dbp_to_request_response_and_history"]
[29024][1549466946378][shared][info]["Migrations: Processing IndexedDB data migration","0006_add_dbp_to_request_response_and_history"]
[29024][1549466946385][shared][info]["Migrations: Saving migration context after completion","0006_add_dbp_to_request_response_and_history",{"0000_initial":"finished","0001_add_archived_resources_table":"finished","0002_add_variable_sessions_table":"finished","0003_add_editor_tables":"finished","0004_migrate_ws_session_data":"finished","0005_cleanup_request_response_and_history_body":"finished","0006_add_dbp_to_request_response_and_history":"started"}]
[29024][1549466946386][shared][info]["Migrations: Starting migration","0007_add_sync_client_buckets_by_order_id_table"]
[29024][1549466946386][shared][info]["Migrations: Setting context before starting migration","0007_add_sync_client_buckets_by_order_id_table",{"0000_initial":"finished","0001_add_archived_resources_table":"finished","0002_add_variable_sessions_table":"finished","0003_add_editor_tables":"finished","0004_migrate_ws_session_data":"finished","0005_cleanup_request_response_and_history_body":"finished","0006_add_dbp_to_request_response_and_history":"finished","0007_add_sync_client_buckets_by_order_id_table":"started"}]
[29024][1549466946387][shared][info]["Migrations: Applying migration","0007_add_sync_client_buckets_by_order_id_table"]
[29024][1549466946387][shared][info]["Migrations: Upgrading IndexedDB to version","0007_add_sync_client_buckets_by_order_id_table",5]
[29024][1549466946389][shared][info]["Migrations: Adding pending commit to queue","0007_add_sync_client_buckets_by_order_id_table"]
[29024][1549466946389][shared][info]["Migrations: Starting migration","0008_migrate_to_sync_client_buckets_by_order_id"]
[29024][1549466946389][shared][info]["Migrations: Flushing pending migrations for","0008_migrate_to_sync_client_buckets_by_order_id"]
[29024][1549466946389][shared][info]["Migrations: Flushing pending commit for type","IndexeddbSchemaMigration"]
[29024][1549466946389][shared][info]["Migrations: Committing IndexedDB upgrade"]
[29024][1549466946399][shared][info]["Migrations: Updating status in migration context",{"0000_initial":"finished","0001_add_archived_resources_table":"finished","0002_add_variable_sessions_table":"finished","0003_add_editor_tables":"finished","0004_migrate_ws_session_data":"finished","0005_cleanup_request_response_and_history_body":"finished","0006_add_dbp_to_request_response_and_history":"finished","0007_add_sync_client_buckets_by_order_id_table":"started"}]
[29024][1549466946400][shared][info]["Migrations: Updated status in migration context",{"0000_initial":"finished","0001_add_archived_resources_table":"finished","0002_add_variable_sessions_table":"finished","0003_add_editor_tables":"finished","0004_migrate_ws_session_data":"finished","0005_cleanup_request_response_and_history_body":"finished","0006_add_dbp_to_request_response_and_history":"finished","0007_add_sync_client_buckets_by_order_id_table":"finished"}]
[29024][1549466946401][shared][info]["Migrations: Setting context before starting migration","0008_migrate_to_sync_client_buckets_by_order_id",{"0000_initial":"finished","0001_add_archived_resources_table":"finished","0002_add_variable_sessions_table":"finished","0003_add_editor_tables":"finished","0004_migrate_ws_session_data":"finished","0005_cleanup_request_response_and_history_body":"finished","0006_add_dbp_to_request_response_and_history":"finished","0007_add_sync_client_buckets_by_order_id_table":"finished","0008_migrate_to_sync_client_buckets_by_order_id":"started"}]
[29024][1549466946401][shared][info]["Migrations: Applying migration","0008_migrate_to_sync_client_buckets_by_order_id"]
[29024][1549466946401][shared][info]["Migrations: Processing IndexedDB data migration","0008_migrate_to_sync_client_buckets_by_order_id"]
[29024][1549466946406][shared][info]["Migrations: Saving migration context after completion","0008_migrate_to_sync_client_buckets_by_order_id",{"0000_initial":"finished","0001_add_archived_resources_table":"finished","0002_add_variable_sessions_table":"finished","0003_add_editor_tables":"finished","0004_migrate_ws_session_data":"finished","0005_cleanup_request_response_and_history_body":"finished","0006_add_dbp_to_request_response_and_history":"finished","0007_add_sync_client_buckets_by_order_id_table":"finished","0008_migrate_to_sync_client_buckets_by_order_id":"started"}]
[29024][1549466946407][shared][info]["Migrations: Starting migration","0009_remove_sync_client_buckets_table"]
[29024][1549466946407][shared][info]["Migrations: Setting context before starting migration","0009_remove_sync_client_buckets_table",{"0000_initial":"finished","0001_add_archived_resources_table":"finished","0002_add_variable_sessions_table":"finished","0003_add_editor_tables":"finished","0004_migrate_ws_session_data":"finished","0005_cleanup_request_response_and_history_body":"finished","0006_add_dbp_to_request_response_and_history":"finished","0007_add_sync_client_buckets_by_order_id_table":"finished","0008_migrate_to_sync_client_buckets_by_order_id":"finished","0009_remove_sync_client_buckets_table":"started"}]
[29024][1549466946408][shared][info]["Migrations: Applying migration","0009_remove_sync_client_buckets_table"]
[29024][1549466946408][shared][info]["Migrations: Upgrading IndexedDB to version","0009_remove_sync_client_buckets_table",6]
[29024][1549466946410][shared][info]["Migrations: Adding pending commit to queue","0009_remove_sync_client_buckets_table"]
[29024][1549466946410][shared][info]["Migrations: Starting migration","0010_add_history_owner"]
[29024][1549466946410][shared][info]["Migrations: Flushing pending migrations for","0010_add_history_owner"]
[29024][1549466946410][shared][info]["Migrations: Flushing pending commit for type","IndexeddbSchemaMigration"]
[29024][1549466946410][shared][info]["Migrations: Committing IndexedDB upgrade"]
[29024][1549466946418][shared][info]["Migrations: Updating status in migration context",{"0000_initial":"finished","0001_add_archived_resources_table":"finished","0002_add_variable_sessions_table":"finished","0003_add_editor_tables":"finished","0004_migrate_ws_session_data":"finished","0005_cleanup_request_response_and_history_body":"finished","0006_add_dbp_to_request_response_and_history":"finished","0007_add_sync_client_buckets_by_order_id_table":"finished","0008_migrate_to_sync_client_buckets_by_order_id":"finished","0009_remove_sync_client_buckets_table":"started"}]
[29024][1549466946419][shared][info]["Migrations: Updated status in migration context",{"0000_initial":"finished","0001_add_archived_resources_table":"finished","0002_add_variable_sessions_table":"finished","0003_add_editor_tables":"finished","0004_migrate_ws_session_data":"finished","0005_cleanup_request_response_and_history_body":"finished","0006_add_dbp_to_request_response_and_history":"finished","0007_add_sync_client_buckets_by_order_id_table":"finished","0008_migrate_to_sync_client_buckets_by_order_id":"finished","0009_remove_sync_client_buckets_table":"finished"}]
[29024][1549466946420][shared][info]["Migrations: Setting context before starting migration","0010_add_history_owner",{"0000_initial":"finished","0001_add_archived_resources_table":"finished","0002_add_variable_sessions_table":"finished","0003_add_editor_tables":"finished","0004_migrate_ws_session_data":"finished","0005_cleanup_request_response_and_history_body":"finished","0006_add_dbp_to_request_response_and_history":"finished","0007_add_sync_client_buckets_by_order_id_table":"finished","0008_migrate_to_sync_client_buckets_by_order_id":"finished","0009_remove_sync_client_buckets_table":"finished","0010_add_history_owner":"started"}]
[29024][1549466946420][shared][info]["Migrations: Applying migration","0010_add_history_owner"]
[29024][1549466946421][shared][info]["Migrations: Processing IndexedDB data migration","0010_add_history_owner"]
[29024][1549466946429][shared][info]["Migrations: Saving migration context after completion","0010_add_history_owner",{"0000_initial":"finished","0001_add_archived_resources_table":"finished","0002_add_variable_sessions_table":"finished","0003_add_editor_tables":"finished","0004_migrate_ws_session_data":"finished","0005_cleanup_request_response_and_history_body":"finished","0006_add_dbp_to_request_response_and_history":"finished","0007_add_sync_client_buckets_by_order_id_table":"finished","0008_migrate_to_sync_client_buckets_by_order_id":"finished","0009_remove_sync_client_buckets_table":"finished","0010_add_history_owner":"started"}]
[29024][1549466946430][shared][info]["Migrations: Starting migration","0011_add_history_response_table"]
[29024][1549466946430][shared][info]["Migrations: Setting context before starting migration","0011_add_history_response_table",{"0000_initial":"finished","0001_add_archived_resources_table":"finished","0002_add_variable_sessions_table":"finished","0003_add_editor_tables":"finished","0004_migrate_ws_session_data":"finished","0005_cleanup_request_response_and_history_body":"finished","0006_add_dbp_to_request_response_and_history":"finished","0007_add_sync_client_buckets_by_order_id_table":"finished","0008_migrate_to_sync_client_buckets_by_order_id":"finished","0009_remove_sync_client_buckets_table":"finished","0010_add_history_owner":"finished","0011_add_history_response_table":"started"}]
[29024][1549466946431][shared][info]["Migrations: Applying migration","0011_add_history_response_table"]
[29024][1549466946431][shared][info]["Migrations: Upgrading IndexedDB to version","0011_add_history_response_table",7]
[29024][1549466946433][shared][info]["Migrations: Adding pending commit to queue","0011_add_history_response_table"]
[29024][1549466946433][shared][info]["Migrations: Starting migration","0012_add_user_data_table"]
[29024][1549466946433][shared][info]["Migrations: Setting context before starting migration","0012_add_user_data_table",{"0000_initial":"finished","0001_add_archived_resources_table":"finished","0002_add_variable_sessions_table":"finished","0003_add_editor_tables":"finished","0004_migrate_ws_session_data":"finished","0005_cleanup_request_response_and_history_body":"finished","0006_add_dbp_to_request_response_and_history":"finished","0007_add_sync_client_buckets_by_order_id_table":"finished","0008_migrate_to_sync_client_buckets_by_order_id":"finished","0009_remove_sync_client_buckets_table":"finished","0010_add_history_owner":"finished","0011_add_history_response_table":"started","0012_add_user_data_table":"started"}]
[29024][1549466946434][shared][info]["Migrations: Applying migration","0012_add_user_data_table"]
[29024][1549466946434][shared][info]["Migrations: Upgrading IndexedDB to version","0012_add_user_data_table",8]
[29024][1549466946436][shared][info]["Migrations: Adding pending commit to queue","0012_add_user_data_table"]
[29024][1549466946436][shared][info]["Migrations: Starting migration","0013_sanitize_request_response_and_history_methods"]
[29024][1549466946437][shared][info]["Migrations: Flushing pending migrations for","0013_sanitize_request_response_and_history_methods"]
[29024][1549466946437][shared][info]["Migrations: Flushing pending commit for type","IndexeddbSchemaMigration"]
[29024][1549466946437][shared][info]["Migrations: Committing IndexedDB upgrade"]
[29024][1549466946455][shared][info]["Migrations: Updating status in migration context",{"0000_initial":"finished","0001_add_archived_resources_table":"finished","0002_add_variable_sessions_table":"finished","0003_add_editor_tables":"finished","0004_migrate_ws_session_data":"finished","0005_cleanup_request_response_and_history_body":"finished","0006_add_dbp_to_request_response_and_history":"finished","0007_add_sync_client_buckets_by_order_id_table":"finished","0008_migrate_to_sync_client_buckets_by_order_id":"finished","0009_remove_sync_client_buckets_table":"finished","0010_add_history_owner":"finished","0011_add_history_response_table":"started","0012_add_user_data_table":"started"}]
[29024][1549466946456][shared][info]["Migrations: Updated status in migration context",{"0000_initial":"finished","0001_add_archived_resources_table":"finished","0002_add_variable_sessions_table":"finished","0003_add_editor_tables":"finished","0004_migrate_ws_session_data":"finished","0005_cleanup_request_response_and_history_body":"finished","0006_add_dbp_to_request_response_and_history":"finished","0007_add_sync_client_buckets_by_order_id_table":"finished","0008_migrate_to_sync_client_buckets_by_order_id":"finished","0009_remove_sync_client_buckets_table":"finished","0010_add_history_owner":"finished","0011_add_history_response_table":"finished","0012_add_user_data_table":"finished"}]
[29024][1549466946456][shared][info]["Migrations: Setting context before starting migration","0013_sanitize_request_response_and_history_methods",{"0000_initial":"finished","0001_add_archived_resources_table":"finished","0002_add_variable_sessions_table":"finished","0003_add_editor_tables":"finished","0004_migrate_ws_session_data":"finished","0005_cleanup_request_response_and_history_body":"finished","0006_add_dbp_to_request_response_and_history":"finished","0007_add_sync_client_buckets_by_order_id_table":"finished","0008_migrate_to_sync_client_buckets_by_order_id":"finished","0009_remove_sync_client_buckets_table":"finished","0010_add_history_owner":"finished","0011_add_history_response_table":"finished","0012_add_user_data_table":"finished","0013_sanitize_request_response_and_history_methods":"started"}]
[29024][1549466946457][shared][info]["Migrations: Applying migration","0013_sanitize_request_response_and_history_methods"]
[29024][1549466946457][shared][info]["Migrations: Processing IndexedDB data migration","0013_sanitize_request_response_and_history_methods"]
[29024][1549466946464][shared][info]["Migrations: Saving migration context after completion","0013_sanitize_request_response_and_history_methods",{"0000_initial":"finished","0001_add_archived_resources_table":"finished","0002_add_variable_sessions_table":"finished","0003_add_editor_tables":"finished","0004_migrate_ws_session_data":"finished","0005_cleanup_request_response_and_history_body":"finished","0006_add_dbp_to_request_response_and_history":"finished","0007_add_sync_client_buckets_by_order_id_table":"finished","0008_migrate_to_sync_client_buckets_by_order_id":"finished","0009_remove_sync_client_buckets_table":"finished","0010_add_history_owner":"finished","0011_add_history_response_table":"finished","0012_add_user_data_table":"finished","0013_sanitize_request_response_and_history_methods":"started"}]
[29024][1549466946465][shared][info]["Migrations: Starting migration","0014_sanitize_response_requestobject_rawmodedata"]
[29024][1549466946466][shared][info]["Migrations: Flushing pending migrations for","0014_sanitize_response_requestobject_rawmodedata"]
[29024][1549466946466][shared][info]["Migrations: Updating status in migration context",{"0000_initial":"finished","0001_add_archived_resources_table":"finished","0002_add_variable_sessions_table":"finished","0003_add_editor_tables":"finished","0004_migrate_ws_session_data":"finished","0005_cleanup_request_response_and_history_body":"finished","0006_add_dbp_to_request_response_and_history":"finished","0007_add_sync_client_buckets_by_order_id_table":"finished","0008_migrate_to_sync_client_buckets_by_order_id":"finished","0009_remove_sync_client_buckets_table":"finished","0010_add_history_owner":"finished","0011_add_history_response_table":"finished","0012_add_user_data_table":"finished","0013_sanitize_request_response_and_history_methods":"finished"}]
[29024][1549466946467][shared][info]["Migrations: Updated status in migration context",{"0000_initial":"finished","0001_add_archived_resources_table":"finished","0002_add_variable_sessions_table":"finished","0003_add_editor_tables":"finished","0004_migrate_ws_session_data":"finished","0005_cleanup_request_response_and_history_body":"finished","0006_add_dbp_to_request_response_and_history":"finished","0007_add_sync_client_buckets_by_order_id_table":"finished","0008_migrate_to_sync_client_buckets_by_order_id":"finished","0009_remove_sync_client_buckets_table":"finished","0010_add_history_owner":"finished","0011_add_history_response_table":"finished","0012_add_user_data_table":"finished","0013_sanitize_request_response_and_history_methods":"finished"}]
[29024][1549466946468][shared][info]["Migrations: Setting context before starting migration","0014_sanitize_response_requestobject_rawmodedata",{"0000_initial":"finished","0001_add_archived_resources_table":"finished","0002_add_variable_sessions_table":"finished","0003_add_editor_tables":"finished","0004_migrate_ws_session_data":"finished","0005_cleanup_request_response_and_history_body":"finished","0006_add_dbp_to_request_response_and_history":"finished","0007_add_sync_client_buckets_by_order_id_table":"finished","0008_migrate_to_sync_client_buckets_by_order_id":"finished","0009_remove_sync_client_buckets_table":"finished","0010_add_history_owner":"finished","0011_add_history_response_table":"finished","0012_add_user_data_table":"finished","0013_sanitize_request_response_and_history_methods":"finished","0014_sanitize_response_requestobject_rawmodedata":"started"}]
[29024][1549466946469][shared][info]["Migrations: Applying migration","0014_sanitize_response_requestobject_rawmodedata"]
[29024][1549466946469][shared][info]["Migrations: Processing IndexedDB data migration","0014_sanitize_response_requestobject_rawmodedata"]
[29024][1549466946473][shared][info]["Migrations: Saving migration context after completion","0014_sanitize_response_requestobject_rawmodedata",{"0000_initial":"finished","0001_add_archived_resources_table":"finished","0002_add_variable_sessions_table":"finished","0003_add_editor_tables":"finished","0004_migrate_ws_session_data":"finished","0005_cleanup_request_response_and_history_body":"finished","0006_add_dbp_to_request_response_and_history":"finished","0007_add_sync_client_buckets_by_order_id_table":"finished","0008_migrate_to_sync_client_buckets_by_order_id":"finished","0009_remove_sync_client_buckets_table":"finished","0010_add_history_owner":"finished","0011_add_history_response_table":"finished","0012_add_user_data_table":"finished","0013_sanitize_request_response_and_history_methods":"finished","0014_sanitize_response_requestobject_rawmodedata":"started"}]
[29024][1549466946474][shared][info]["Migrations: Flushing pending commit steps"]
[29024][1549466946475][shared][info]["Migrations: Updating status in migration context",{"0000_initial":"finished","0001_add_archived_resources_table":"finished","0002_add_variable_sessions_table":"finished","0003_add_editor_tables":"finished","0004_migrate_ws_session_data":"finished","0005_cleanup_request_response_and_history_body":"finished","0006_add_dbp_to_request_response_and_history":"finished","0007_add_sync_client_buckets_by_order_id_table":"finished","0008_migrate_to_sync_client_buckets_by_order_id":"finished","0009_remove_sync_client_buckets_table":"finished","0010_add_history_owner":"finished","0011_add_history_response_table":"finished","0012_add_user_data_table":"finished","0013_sanitize_request_response_and_history_methods":"finished","0014_sanitize_response_requestobject_rawmodedata":"finished"}]
[29024][1549466946475][shared][info]["Migrations: Updated status in migration context",{"0000_initial":"finished","0001_add_archived_resources_table":"finished","0002_add_variable_sessions_table":"finished","0003_add_editor_tables":"finished","0004_migrate_ws_session_data":"finished","0005_cleanup_request_response_and_history_body":"finished","0006_add_dbp_to_request_response_and_history":"finished","0007_add_sync_client_buckets_by_order_id_table":"finished","0008_migrate_to_sync_client_buckets_by_order_id":"finished","0009_remove_sync_client_buckets_table":"finished","0010_add_history_owner":"finished","0011_add_history_response_table":"finished","0012_add_user_data_table":"finished","0013_sanitize_request_response_and_history_methods":"finished","0014_sanitize_response_requestobject_rawmodedata":"finished"}]
[29024][1549466946476][shared][info]["Migration: Finished all migrations"]
[29024][1549466946598][shared][info]["bootstrapModels - Success"]
[29024][1549466946598][shared][info]["WLModels\\x7eboot - Success"]
[29024][1549466946627][shared][info]["initializeConfigurationsValues - Success"]
[29024][1549466946636][shared][info]["Migrate - Bailed out due to:","FRESH_INSTALL"]
[29024][1549466946645][shared][info]["AppModels\\x7eboot - Success"]
[29024][1549466946649][shared][info]["SharedRuntimeListeners\\x7eboot - Success"]
[29024][1549466946655][shared][info]["Sync\\x7eboot - Success"]
[29024][1549466946656][shared][info]["Shared\\x7eboot - Success"]
[29024][1549466946656][shared][info]["booted - shared"]
