[2019-02-24 14:28:45.987] [exthost] [info] extension host started
[2019-02-24 14:28:46.015] [exthost] [info] ExtensionService#_doActivateExtension vscode.debug-auto-launch {"startup":true,"activationEvent":"*"}
[2019-02-24 14:28:46.015] [exthost] [info] ExtensionService#loadCommonJSModule /usr/lib/code/extensions/debug-auto-launch/dist/extension
[2019-02-24 14:28:46.018] [exthost] [info] ExtensionService#_doActivateExtension vscode.emmet {"startup":true,"activationEvent":"*"}
[2019-02-24 14:28:46.018] [exthost] [info] ExtensionService#loadCommonJSModule /usr/lib/code/extensions/emmet/dist/extension
[2019-02-24 14:28:46.023] [exthost] [info] ExtensionService#_doActivateExtension vscode.git {"startup":true,"activationEvent":"*"}
[2019-02-24 14:28:46.023] [exthost] [info] ExtensionService#loadCommonJSModule /usr/lib/code/extensions/git/dist/main
[2019-02-24 14:28:46.056] [exthost] [info] ExtensionService#_doActivateExtension vscode.merge-conflict {"startup":true,"activationEvent":"*"}
[2019-02-24 14:28:46.056] [exthost] [info] ExtensionService#loadCommonJSModule /usr/lib/code/extensions/merge-conflict/dist/extension
[2019-02-24 14:28:46.335] [exthost] [info] eager extensions activated
[2019-02-24 14:29:01.226] [exthost] [info] ExtensionService#_doActivateExtension vscode.extension-editing {"startup":false,"activationEvent":"onLanguage:markdown"}
[2019-02-24 14:29:01.226] [exthost] [info] ExtensionService#loadCommonJSModule /usr/lib/code/extensions/extension-editing/dist/extension
[2019-02-24 14:29:01.280] [exthost] [info] ExtensionService#_doActivateExtension vscode.markdown-language-features {"startup":false,"activationEvent":"onLanguage:markdown"}
[2019-02-24 14:29:01.280] [exthost] [info] ExtensionService#loadCommonJSModule /usr/lib/code/extensions/markdown-language-features/dist/extension
[2019-02-24 14:29:01.385] [exthost] [info] ExtensionService#_doActivateExtension Mikhail-Arkhipov.r {"startup":false,"activationEvent":"onLanguage:markdown"}
[2019-02-24 14:29:01.385] [exthost] [info] ExtensionService#loadCommonJSModule /home/awh4kc/.vscode-oss/extensions/mikhail-arkhipov.r-0.0.6/out/src/extension
[2019-02-24 14:29:01.547] [exthost] [info] ExtensionService#_doActivateExtension vscode.configuration-editing {"startup":false,"activationEvent":"onLanguage:jsonc"}
[2019-02-24 14:29:01.547] [exthost] [info] ExtensionService#loadCommonJSModule /usr/lib/code/extensions/configuration-editing/dist/extension
[2019-02-24 14:29:01.560] [exthost] [info] ExtensionService#_doActivateExtension vscode.json-language-features {"startup":false,"activationEvent":"onLanguage:jsonc"}
[2019-02-24 14:29:01.560] [exthost] [info] ExtensionService#loadCommonJSModule /usr/lib/code/extensions/json-language-features/client/dist/jsonMain
[2019-02-24 14:29:01.663] [exthost] [info] ExtensionService#_doActivateExtension vscode.typescript-language-features {"startup":false,"activationEvent":"onLanguage:jsonc"}
[2019-02-24 14:29:01.663] [exthost] [info] ExtensionService#loadCommonJSModule /usr/lib/code/extensions/typescript-language-features/dist/extension
[2019-02-24 14:29:04.424] [exthost] [info] ExtensionService#_doActivateExtension vscode.html-language-features {"startup":false,"activationEvent":"onLanguage:html"}
[2019-02-24 14:29:04.424] [exthost] [info] ExtensionService#loadCommonJSModule /usr/lib/code/extensions/html-language-features/client/dist/htmlMain
[2019-02-24 14:29:04.501] [exthost] [info] ExtensionService#_doActivateExtension tht13.html-preview-vscode {"startup":false,"activationEvent":"onLanguage:html"}
[2019-02-24 14:29:04.501] [exthost] [info] ExtensionService#loadCommonJSModule /home/awh4kc/.vscode-oss/extensions/tht13.html-preview-vscode-0.2.5/out/extension.js
