[2019-02-24 13:46:05.383] [exthost] [info] extension host started
[2019-02-24 13:46:05.408] [exthost] [info] ExtensionService#_doActivateExtension vscode.debug-auto-launch {"startup":true,"activationEvent":"*"}
[2019-02-24 13:46:05.408] [exthost] [info] ExtensionService#loadCommonJSModule /usr/lib/code/extensions/debug-auto-launch/dist/extension
[2019-02-24 13:46:05.412] [exthost] [info] ExtensionService#_doActivateExtension vscode.emmet {"startup":true,"activationEvent":"*"}
[2019-02-24 13:46:05.412] [exthost] [info] ExtensionService#loadCommonJSModule /usr/lib/code/extensions/emmet/dist/extension
[2019-02-24 13:46:05.435] [exthost] [info] ExtensionService#_doActivateExtension vscode.git {"startup":true,"activationEvent":"*"}
[2019-02-24 13:46:05.435] [exthost] [info] ExtensionService#loadCommonJSModule /usr/lib/code/extensions/git/dist/main
[2019-02-24 13:46:05.549] [exthost] [info] ExtensionService#_doActivateExtension vscode.merge-conflict {"startup":true,"activationEvent":"*"}
[2019-02-24 13:46:05.549] [exthost] [info] ExtensionService#loadCommonJSModule /usr/lib/code/extensions/merge-conflict/dist/extension
[2019-02-24 13:46:05.556] [exthost] [info] ExtensionService#_doActivateExtension redhat.java {"startup":false,"activationEvent":"onLanguage:java"}
[2019-02-24 13:46:05.556] [exthost] [info] ExtensionService#loadCommonJSModule /home/awh4kc/.vscode-oss/extensions/redhat.java-0.39.0/dist/extension
[2019-02-24 13:46:05.611] [exthost] [info] ExtensionService#_doActivateExtension VisualStudioExptTeam.vscodeintellicode {"startup":false,"activationEvent":"onLanguage:java"}
[2019-02-24 13:46:05.611] [exthost] [info] ExtensionService#loadCommonJSModule /home/awh4kc/.vscode-oss/extensions/visualstudioexptteam.vscodeintellicode-1.1.3/out/extension
[2019-02-24 13:46:05.921] [exthost] [info] ExtensionService#_doActivateExtension vscjava.vscode-java-pack {"startup":false,"activationEvent":"onLanguage:java"}
[2019-02-24 13:46:05.921] [exthost] [info] ExtensionService#loadCommonJSModule /home/awh4kc/.vscode-oss/extensions/vscjava.vscode-java-pack-0.6.0/out/extension
[2019-02-24 13:46:06.373] [exthost] [info] eager extensions activated
[2019-02-24 13:46:09.611] [exthost] [info] ExtensionService#_doActivateExtension vscjava.vscode-java-debug {"startup":false,"activationEvent":"onLanguage:java"}
[2019-02-24 13:46:09.611] [exthost] [info] ExtensionService#loadCommonJSModule /home/awh4kc/.vscode-oss/extensions/vscjava.vscode-java-debug-0.16.0/out/src/extension
[2019-02-24 13:46:09.801] [exthost] [info] ExtensionService#_doActivateExtension vscjava.vscode-java-dependency {"startup":false,"activationEvent":"onLanguage:java"}
[2019-02-24 13:46:09.801] [exthost] [info] ExtensionService#loadCommonJSModule /home/awh4kc/.vscode-oss/extensions/vscjava.vscode-java-dependency-0.3.0/dist/extension
[2019-02-24 13:46:09.930] [exthost] [info] ExtensionService#_doActivateExtension vscjava.vscode-java-test {"startup":false,"activationEvent":"onLanguage:java"}
[2019-02-24 13:46:09.930] [exthost] [info] ExtensionService#loadCommonJSModule /home/awh4kc/.vscode-oss/extensions/vscjava.vscode-java-test-0.14.1/dist/extension
[2019-02-24 13:46:16.884] [exthost] [info] ExtensionService#_doActivateExtension ms-vscode.cpptools {"startup":false,"activationEvent":"onDebug"}
[2019-02-24 13:46:16.884] [exthost] [info] ExtensionService#loadCommonJSModule /home/awh4kc/.vscode-oss/extensions/ms-vscode.cpptools-0.21.0/out/src/main
