[2019-02-21 16:11:58.574] [sharedprocess] [info] main {"machineId":"731c09b33918b51751f31916c84dc18fe161df3141a411cd86ea89f1361c6655"}
[2019-02-21 16:11:58.710] [sharedprocess] [info] Scanned user extensions: 16
[2019-02-21 16:11:58.730] [sharedprocess] [info] Scanned user extensions: 16
[2019-02-21 16:11:58.732] [sharedprocess] [info] Scanned user extensions: 16
[2019-02-21 16:11:58.773] [sharedprocess] [info] Scanned system extensions: 71
[2019-02-21 16:11:58.778] [sharedprocess] [info] Scanned system extensions: 71
[2019-02-21 16:11:58.782] [sharedprocess] [info] Scanned system extensions: 71
[2019-02-21 16:11:59.163] [sharedprocess] [info] Scanned user extensions: 16
[2019-02-21 16:11:59.976] [sharedprocess] [info] Installing extension: redhat.java
[2019-02-21 16:11:59.977] [sharedprocess] [info] Installing extension: vscjava.vscode-java-pack
[2019-02-21 16:11:59.996] [sharedprocess] [info] Scanned user extensions: 16
[2019-02-21 16:12:00.004] [sharedprocess] [info] Scanned user extensions: 16
[2019-02-21 16:12:00.228] [sharedprocess] [info] Downloaded extension: vscjava.vscode-java-pack /tmp/3b63e53f-2911-4341-a548-4996d700a693
[2019-02-21 16:12:00.678] [sharedprocess] [info] Extracted extension to /home/awh4kc/.vscode-oss/extensions/.vscjava.vscode-java-pack-0.6.0: vscjava.vscode-java-pack
[2019-02-21 16:12:00.679] [sharedprocess] [info] Renamed to /home/awh4kc/.vscode-oss/extensions/vscjava.vscode-java-pack-0.6.0
[2019-02-21 16:12:00.679] [sharedprocess] [info] Installation completed. vscjava.vscode-java-pack
[2019-02-21 16:12:00.737] [sharedprocess] [info] Scanned user extensions: 16
[2019-02-21 16:12:00.792] [sharedprocess] [info] Scanned system extensions: 71
[2019-02-21 16:12:00.851] [sharedprocess] [info] Installing extension: visualstudioexptteam.vscodeintellicode
[2019-02-21 16:12:00.872] [sharedprocess] [info] Scanned user extensions: 16
[2019-02-21 16:12:01.502] [sharedprocess] [info] Downloaded extension: visualstudioexptteam.vscodeintellicode /tmp/09610efe-9200-4517-8a5d-ba9d847b51bf
[2019-02-21 16:12:02.418] [sharedprocess] [info] Downloaded extension: redhat.java /tmp/0858664c-b10d-40e1-bafc-729029110f84
[2019-02-21 16:12:03.085] [sharedprocess] [info] Extracted extension to /home/awh4kc/.vscode-oss/extensions/.redhat.java-0.39.0: redhat.java
[2019-02-21 16:12:03.085] [sharedprocess] [info] Renamed to /home/awh4kc/.vscode-oss/extensions/redhat.java-0.39.0
[2019-02-21 16:12:03.086] [sharedprocess] [info] Installation completed. redhat.java
[2019-02-21 16:12:03.102] [sharedprocess] [info] Extensions installed successfully: redhat.java
[2019-02-21 16:12:03.683] [sharedprocess] [info] Extracted extension to /home/awh4kc/.vscode-oss/extensions/.visualstudioexptteam.vscodeintellicode-1.1.3: visualstudioexptteam.vscodeintellicode
[2019-02-21 16:12:03.683] [sharedprocess] [info] Renamed to /home/awh4kc/.vscode-oss/extensions/visualstudioexptteam.vscodeintellicode-1.1.3
[2019-02-21 16:12:03.684] [sharedprocess] [info] Installation completed. visualstudioexptteam.vscodeintellicode
[2019-02-21 16:12:03.689] [sharedprocess] [info] Extensions installed successfully: visualstudioexptteam.vscodeintellicode
[2019-02-21 16:12:03.690] [sharedprocess] [info] Extensions installed successfully: vscjava.vscode-java-pack
