[2019-02-24 12:09:41.155] [exthost] [info] extension host started
[2019-02-24 12:09:41.177] [exthost] [info] ExtensionService#_doActivateExtension vscode.debug-auto-launch {"startup":true,"activationEvent":"*"}
[2019-02-24 12:09:41.177] [exthost] [info] ExtensionService#loadCommonJSModule /usr/lib/code/extensions/debug-auto-launch/dist/extension
[2019-02-24 12:09:41.180] [exthost] [info] ExtensionService#_doActivateExtension vscode.emmet {"startup":true,"activationEvent":"*"}
[2019-02-24 12:09:41.180] [exthost] [info] ExtensionService#loadCommonJSModule /usr/lib/code/extensions/emmet/dist/extension
[2019-02-24 12:09:41.195] [exthost] [info] ExtensionService#_doActivateExtension vscode.git {"startup":true,"activationEvent":"*"}
[2019-02-24 12:09:41.195] [exthost] [info] ExtensionService#loadCommonJSModule /usr/lib/code/extensions/git/dist/main
[2019-02-24 12:09:41.287] [exthost] [info] ExtensionService#_doActivateExtension vscode.merge-conflict {"startup":true,"activationEvent":"*"}
[2019-02-24 12:09:41.287] [exthost] [info] ExtensionService#loadCommonJSModule /usr/lib/code/extensions/merge-conflict/dist/extension
[2019-02-24 12:09:41.293] [exthost] [info] ExtensionService#_doActivateExtension redhat.java {"startup":false,"activationEvent":"onLanguage:java"}
[2019-02-24 12:09:41.293] [exthost] [info] ExtensionService#loadCommonJSModule /home/awh4kc/.vscode-oss/extensions/redhat.java-0.39.0/dist/extension
[2019-02-24 12:09:41.337] [exthost] [info] ExtensionService#_doActivateExtension VisualStudioExptTeam.vscodeintellicode {"startup":false,"activationEvent":"onLanguage:java"}
[2019-02-24 12:09:41.337] [exthost] [info] ExtensionService#loadCommonJSModule /home/awh4kc/.vscode-oss/extensions/visualstudioexptteam.vscodeintellicode-1.1.3/out/extension
[2019-02-24 12:09:41.561] [exthost] [info] ExtensionService#_doActivateExtension vscjava.vscode-java-pack {"startup":false,"activationEvent":"onLanguage:java"}
[2019-02-24 12:09:41.561] [exthost] [info] ExtensionService#loadCommonJSModule /home/awh4kc/.vscode-oss/extensions/vscjava.vscode-java-pack-0.6.0/out/extension
[2019-02-24 12:09:41.740] [exthost] [info] ExtensionService#_doActivateExtension vscode.markdown-language-features {"startup":false,"activationEvent":"onCommand:markdown.showPreview"}
[2019-02-24 12:09:41.740] [exthost] [info] ExtensionService#loadCommonJSModule /usr/lib/code/extensions/markdown-language-features/dist/extension
[2019-02-24 12:09:42.014] [exthost] [info] eager extensions activated
[2019-02-24 12:09:42.038] [exthost] [info] ExtensionService#_doActivateExtension vscode.extension-editing {"startup":false,"activationEvent":"onLanguage:markdown"}
[2019-02-24 12:09:42.038] [exthost] [info] ExtensionService#loadCommonJSModule /usr/lib/code/extensions/extension-editing/dist/extension
[2019-02-24 12:09:42.092] [exthost] [info] ExtensionService#_doActivateExtension Mikhail-Arkhipov.r {"startup":false,"activationEvent":"onLanguage:markdown"}
[2019-02-24 12:09:42.092] [exthost] [info] ExtensionService#loadCommonJSModule /home/awh4kc/.vscode-oss/extensions/mikhail-arkhipov.r-0.0.6/out/src/extension
[2019-02-24 12:09:42.330] [exthost] [info] ExtensionService#_doActivateExtension vscode.configuration-editing {"startup":false,"activationEvent":"onLanguage:jsonc"}
[2019-02-24 12:09:42.330] [exthost] [info] ExtensionService#loadCommonJSModule /usr/lib/code/extensions/configuration-editing/dist/extension
[2019-02-24 12:09:42.339] [exthost] [info] ExtensionService#_doActivateExtension vscode.json-language-features {"startup":false,"activationEvent":"onLanguage:jsonc"}
[2019-02-24 12:09:42.339] [exthost] [info] ExtensionService#loadCommonJSModule /usr/lib/code/extensions/json-language-features/client/dist/jsonMain
[2019-02-24 12:09:42.405] [exthost] [info] ExtensionService#_doActivateExtension vscode.typescript-language-features {"startup":false,"activationEvent":"onLanguage:jsonc"}
[2019-02-24 12:09:42.405] [exthost] [info] ExtensionService#loadCommonJSModule /usr/lib/code/extensions/typescript-language-features/dist/extension
[2019-02-24 12:09:45.252] [exthost] [info] ExtensionService#_doActivateExtension vscjava.vscode-java-debug {"startup":false,"activationEvent":"onLanguage:java"}
[2019-02-24 12:09:45.252] [exthost] [info] ExtensionService#loadCommonJSModule /home/awh4kc/.vscode-oss/extensions/vscjava.vscode-java-debug-0.16.0/out/src/extension
[2019-02-24 12:09:45.438] [exthost] [info] ExtensionService#_doActivateExtension vscjava.vscode-java-dependency {"startup":false,"activationEvent":"onLanguage:java"}
[2019-02-24 12:09:45.438] [exthost] [info] ExtensionService#loadCommonJSModule /home/awh4kc/.vscode-oss/extensions/vscjava.vscode-java-dependency-0.3.0/dist/extension
[2019-02-24 12:09:45.537] [exthost] [info] ExtensionService#_doActivateExtension vscjava.vscode-java-test {"startup":false,"activationEvent":"onLanguage:java"}
[2019-02-24 12:09:45.537] [exthost] [info] ExtensionService#loadCommonJSModule /home/awh4kc/.vscode-oss/extensions/vscjava.vscode-java-test-0.14.1/dist/extension
[2019-02-24 12:13:43.990] [exthost] [info] ExtensionService#_doActivateExtension ms-vscode.cpptools {"startup":false,"activationEvent":"onDebug"}
[2019-02-24 12:13:43.991] [exthost] [info] ExtensionService#loadCommonJSModule /home/awh4kc/.vscode-oss/extensions/ms-vscode.cpptools-0.21.0/out/src/main
