[Error - 12:19:53 AM] Feb 20, 2019 12:19:53 AM Initialization failed 
Failed to scan /home/awh4kc/ISA-2019
Java Model Exception: Core Exception [code 0] Failed to scan /home/awh4kc/ISA-2019
	at org.eclipse.jdt.internal.core.BatchOperation.executeOperation(BatchOperation.java:52)
	at org.eclipse.jdt.internal.core.JavaModelOperation.run(JavaModelOperation.java:736)
	at org.eclipse.core.internal.resources.Workspace.run(Workspace.java:2295)
	at org.eclipse.core.internal.resources.Workspace.run(Workspace.java:2322)
	at org.eclipse.jdt.core.JavaCore.run(JavaCore.java:5810)
	at org.eclipse.jdt.core.JavaCore.run(JavaCore.java:5767)
	at org.eclipse.jdt.ls.core.internal.managers.ProjectsManager.initializeProjects(ProjectsManager.java:116)
	at org.eclipse.jdt.ls.core.internal.handlers.InitHandler$1.runInWorkspace(InitHandler.java:242)
	at org.eclipse.core.internal.resources.InternalWorkspaceJob.run(InternalWorkspaceJob.java:42)
	at org.eclipse.core.internal.jobs.Worker.run(Worker.java:63)
Caused by: java.nio.file.AccessDeniedException: /home/awh4kc/ISA-2019/db/mysql
	at sun.nio.fs.UnixException.translateToIOException(UnixException.java:84)
	at sun.nio.fs.UnixException.rethrowAsIOException(UnixException.java:102)
	at sun.nio.fs.UnixException.rethrowAsIOException(UnixException.java:107)
	at sun.nio.fs.UnixFileSystemProvider.newDirectoryStream(UnixFileSystemProvider.java:427)
	at java.nio.file.Files.newDirectoryStream(Files.java:457)
	at java.nio.file.FileTreeWalker.visit(FileTreeWalker.java:300)
	at java.nio.file.FileTreeWalker.next(FileTreeWalker.java:372)
	at java.nio.file.Files.walkFileTree(Files.java:2706)
	at org.eclipse.jdt.ls.core.internal.managers.BasicFileDetector.scanDir(BasicFileDetector.java:168)
	at org.eclipse.jdt.ls.core.internal.managers.BasicFileDetector.scan(BasicFileDetector.java:132)
	at org.eclipse.jdt.ls.core.internal.managers.GradleProjectImporter.applies(GradleProjectImporter.java:69)
	at org.eclipse.jdt.ls.core.internal.managers.ProjectsManager.getImporter(ProjectsManager.java:331)
	at org.eclipse.jdt.ls.core.internal.managers.ProjectsManager.importProjects(ProjectsManager.java:134)
	at org.eclipse.jdt.ls.core.internal.managers.ProjectsManager.access$1(ProjectsManager.java:130)
	at org.eclipse.jdt.ls.core.internal.managers.ProjectsManager$2.run(ProjectsManager.java:124)
	at org.eclipse.jdt.internal.core.BatchOperation.executeOperation(BatchOperation.java:41)
	... 9 more
Caused by: org.eclipse.core.runtime.CoreException: Failed to scan /home/awh4kc/ISA-2019
	at org.eclipse.jdt.ls.core.internal.managers.BasicFileDetector.scan(BasicFileDetector.java:134)
	at org.eclipse.jdt.ls.core.internal.managers.GradleProjectImporter.applies(GradleProjectImporter.java:69)
	at org.eclipse.jdt.ls.core.internal.managers.ProjectsManager.getImporter(ProjectsManager.java:331)
	at org.eclipse.jdt.ls.core.internal.managers.ProjectsManager.importProjects(ProjectsManager.java:134)
	at org.eclipse.jdt.ls.core.internal.managers.ProjectsManager.access$1(ProjectsManager.java:130)
	at org.eclipse.jdt.ls.core.internal.managers.ProjectsManager$2.run(ProjectsManager.java:124)
	at org.eclipse.jdt.internal.core.BatchOperation.executeOperation(BatchOperation.java:41)
	at org.eclipse.jdt.internal.core.JavaModelOperation.run(JavaModelOperation.java:736)
	at org.eclipse.core.internal.resources.Workspace.run(Workspace.java:2295)
	at org.eclipse.core.internal.resources.Workspace.run(Workspace.java:2322)
	at org.eclipse.jdt.core.JavaCore.run(JavaCore.java:5810)
	at org.eclipse.jdt.core.JavaCore.run(JavaCore.java:5767)
	at org.eclipse.jdt.ls.core.internal.managers.ProjectsManager.initializeProjects(ProjectsManager.java:116)
	at org.eclipse.jdt.ls.core.internal.handlers.InitHandler$1.runInWorkspace(InitHandler.java:242)
	at org.eclipse.core.internal.resources.InternalWorkspaceJob.run(InternalWorkspaceJob.java:42)
	at org.eclipse.core.internal.jobs.Worker.run(Worker.java:63)
Caused by: java.nio.file.AccessDeniedException: /home/awh4kc/ISA-2019/db/mysql
	at sun.nio.fs.UnixException.translateToIOException(UnixException.java:84)
	at sun.nio.fs.UnixException.rethrowAsIOException(UnixException.java:102)
	at sun.nio.fs.UnixException.rethrowAsIOException(UnixException.java:107)
	at sun.nio.fs.UnixFileSystemProvider.newDirectoryStream(UnixFileSystemProvider.java:427)
	at java.nio.file.Files.newDirectoryStream(Files.java:457)
	at java.nio.file.FileTreeWalker.visit(FileTreeWalker.java:300)
	at java.nio.file.FileTreeWalker.next(FileTreeWalker.java:372)
	at java.nio.file.Files.walkFileTree(Files.java:2706)
	at org.eclipse.jdt.ls.core.internal.managers.BasicFileDetector.scanDir(BasicFileDetector.java:168)
	at org.eclipse.jdt.ls.core.internal.managers.BasicFileDetector.scan(BasicFileDetector.java:132)
	... 15 more

