[2019-02-19 22:59:58.603] [sharedprocess] [info] main {"machineId":"731c09b33918b51751f31916c84dc18fe161df3141a411cd86ea89f1361c6655"}
[2019-02-19 22:59:58.775] [sharedprocess] [info] Scanned user extensions: 16
[2019-02-19 22:59:58.835] [sharedprocess] [info] Scanned user extensions: 16
[2019-02-19 22:59:58.922] [sharedprocess] [info] Scanned user extensions: 16
[2019-02-19 22:59:58.969] [sharedprocess] [info] Scanned system extensions: 71
[2019-02-19 22:59:58.971] [sharedprocess] [info] Deleted from disk alefragnani.rtf /home/awh4kc/.vscode-oss/extensions/alefragnani.rtf-2.0.0
[2019-02-19 22:59:58.989] [sharedprocess] [info] Scanned system extensions: 71
[2019-02-19 22:59:58.994] [sharedprocess] [info] Scanned system extensions: 71
[2019-02-19 22:59:59.007] [sharedprocess] [info] Deleted from disk james-yu.latex-workshop /home/awh4kc/.vscode-oss/extensions/james-yu.latex-workshop-5.21.0
[2019-02-19 22:59:59.024] [sharedprocess] [info] Deleted from disk vscjava.vscode-java-test /home/awh4kc/.vscode-oss/extensions/vscjava.vscode-java-test-0.14.0
[2019-02-19 22:59:59.027] [sharedprocess] [info] Deleted from disk ikuyadeu.r /home/awh4kc/.vscode-oss/extensions/ikuyadeu.r-1.0.2
[2019-02-19 22:59:59.209] [sharedprocess] [info] Scanned user extensions: 16
[2019-02-19 23:00:38.614] [sharedprocess] [info] Starting to clean up unused language packs.
[2019-02-19 23:04:59.302] [sharedprocess] [info] Scanned user extensions: 16
[2019-02-19 23:09:59.365] [sharedprocess] [info] Scanned user extensions: 16
[2019-02-19 23:14:59.396] [sharedprocess] [info] Scanned user extensions: 16
[2019-02-19 23:19:59.432] [sharedprocess] [info] Scanned user extensions: 16
[2019-02-19 23:24:59.474] [sharedprocess] [info] Scanned user extensions: 16
[2019-02-19 23:29:59.516] [sharedprocess] [info] Scanned user extensions: 16
[2019-02-19 23:34:59.558] [sharedprocess] [info] Scanned user extensions: 16
[2019-02-19 23:39:59.602] [sharedprocess] [info] Scanned user extensions: 16
[2019-02-19 23:44:59.636] [sharedprocess] [info] Scanned user extensions: 16
[2019-02-19 23:49:59.668] [sharedprocess] [info] Scanned user extensions: 16
[2019-02-19 23:54:59.708] [sharedprocess] [info] Scanned user extensions: 16
[2019-02-19 23:59:59.751] [sharedprocess] [info] Scanned user extensions: 16
[2019-02-20 00:04:59.794] [sharedprocess] [info] Scanned user extensions: 16
[2019-02-20 00:09:59.834] [sharedprocess] [info] Scanned user extensions: 16
[2019-02-20 00:14:59.867] [sharedprocess] [info] Scanned user extensions: 16
[2019-02-20 00:19:57.663] [sharedprocess] [info] Scanned user extensions: 16
[2019-02-20 00:19:57.671] [sharedprocess] [info] Scanned user extensions: 16
[2019-02-20 00:19:57.676] [sharedprocess] [info] Scanned user extensions: 16
[2019-02-20 00:19:57.683] [sharedprocess] [info] Scanned user extensions: 16
[2019-02-20 00:19:57.747] [sharedprocess] [info] Scanned system extensions: 71
[2019-02-20 00:19:57.754] [sharedprocess] [info] Scanned system extensions: 71
[2019-02-20 00:19:57.758] [sharedprocess] [info] Scanned system extensions: 71
[2019-02-20 00:19:59.910] [sharedprocess] [info] Scanned user extensions: 16
[2019-02-20 00:20:12.051] [sharedprocess] [info] Scanned user extensions: 16
[2019-02-20 00:20:12.053] [sharedprocess] [info] Scanned user extensions: 16
[2019-02-20 00:20:12.057] [sharedprocess] [info] Scanned user extensions: 16
[2019-02-20 00:20:12.107] [sharedprocess] [info] Scanned system extensions: 71
[2019-02-20 00:20:12.111] [sharedprocess] [info] Scanned system extensions: 71
[2019-02-20 00:20:12.116] [sharedprocess] [info] Scanned system extensions: 71
[2019-02-20 00:24:59.947] [sharedprocess] [info] Scanned user extensions: 16
[2019-02-20 00:29:59.988] [sharedprocess] [info] Scanned user extensions: 16
[2019-02-20 00:35:00.028] [sharedprocess] [info] Scanned user extensions: 16
[2019-02-20 00:40:00.068] [sharedprocess] [info] Scanned user extensions: 16
[2019-02-20 00:45:00.105] [sharedprocess] [info] Scanned user extensions: 16
[2019-02-20 00:50:00.144] [sharedprocess] [info] Scanned user extensions: 16
[2019-02-20 00:55:00.184] [sharedprocess] [info] Scanned user extensions: 16
[2019-02-20 01:00:00.222] [sharedprocess] [info] Scanned user extensions: 16
[2019-02-20 01:05:00.256] [sharedprocess] [info] Scanned user extensions: 16
[2019-02-20 01:10:00.297] [sharedprocess] [info] Scanned user extensions: 16
[2019-02-20 01:15:00.340] [sharedprocess] [info] Scanned user extensions: 16
[2019-02-20 11:58:50.815] [sharedprocess] [info] Scanned user extensions: 16
[2019-02-20 12:03:50.853] [sharedprocess] [info] Scanned user extensions: 16
[2019-02-20 12:08:50.885] [sharedprocess] [info] Scanned user extensions: 16
[2019-02-20 12:13:50.922] [sharedprocess] [info] Scanned user extensions: 16
[2019-02-20 12:18:50.968] [sharedprocess] [info] Scanned user extensions: 16
[2019-02-20 12:23:51.011] [sharedprocess] [info] Scanned user extensions: 16
[2019-02-20 12:28:51.044] [sharedprocess] [info] Scanned user extensions: 16
[2019-02-20 12:33:51.072] [sharedprocess] [info] Scanned user extensions: 16
[2019-02-20 12:38:51.105] [sharedprocess] [info] Scanned user extensions: 16
[2019-02-20 12:43:51.141] [sharedprocess] [info] Scanned user extensions: 16
[2019-02-20 12:48:51.182] [sharedprocess] [info] Scanned user extensions: 16
[2019-02-20 12:53:51.221] [sharedprocess] [info] Scanned user extensions: 16
[2019-02-20 12:58:51.257] [sharedprocess] [info] Scanned user extensions: 16
[2019-02-20 13:03:51.296] [sharedprocess] [info] Scanned user extensions: 16
[2019-02-20 13:08:51.336] [sharedprocess] [info] Scanned user extensions: 16
[2019-02-20 13:13:51.374] [sharedprocess] [info] Scanned user extensions: 16
[2019-02-20 13:18:51.411] [sharedprocess] [info] Scanned user extensions: 16
[2019-02-20 13:23:51.446] [sharedprocess] [info] Scanned user extensions: 16
[2019-02-20 13:28:51.483] [sharedprocess] [info] Scanned user extensions: 16
[2019-02-20 13:33:51.527] [sharedprocess] [info] Scanned user extensions: 16
[2019-02-20 13:38:51.565] [sharedprocess] [info] Scanned user extensions: 16
[2019-02-20 13:43:51.600] [sharedprocess] [info] Scanned user extensions: 16
[2019-02-20 13:48:51.636] [sharedprocess] [info] Scanned user extensions: 16
[2019-02-20 13:53:51.672] [sharedprocess] [info] Scanned user extensions: 16
[2019-02-20 13:58:51.706] [sharedprocess] [info] Scanned user extensions: 16
[2019-02-20 14:03:51.741] [sharedprocess] [info] Scanned user extensions: 16
[2019-02-20 14:08:51.776] [sharedprocess] [info] Scanned user extensions: 16
[2019-02-20 14:13:51.811] [sharedprocess] [info] Scanned user extensions: 16
[2019-02-20 14:18:51.861] [sharedprocess] [info] Scanned user extensions: 16
[2019-02-20 14:23:51.898] [sharedprocess] [info] Scanned user extensions: 16
[2019-02-20 14:28:51.934] [sharedprocess] [info] Scanned user extensions: 16
[2019-02-20 14:33:51.972] [sharedprocess] [info] Scanned user extensions: 16
[2019-02-20 14:38:52.010] [sharedprocess] [info] Scanned user extensions: 16
[2019-02-20 14:43:52.050] [sharedprocess] [info] Scanned user extensions: 16
[2019-02-20 14:48:52.087] [sharedprocess] [info] Scanned user extensions: 16
[2019-02-20 14:53:52.123] [sharedprocess] [info] Scanned user extensions: 16
[2019-02-20 14:58:52.160] [sharedprocess] [info] Scanned user extensions: 16
[2019-02-20 15:03:52.198] [sharedprocess] [info] Scanned user extensions: 16
[2019-02-20 15:08:52.237] [sharedprocess] [info] Scanned user extensions: 16
[2019-02-20 15:13:52.272] [sharedprocess] [info] Scanned user extensions: 16
[2019-02-20 15:18:52.311] [sharedprocess] [info] Scanned user extensions: 16
[2019-02-20 15:23:52.349] [sharedprocess] [info] Scanned user extensions: 16
[2019-02-20 15:28:52.386] [sharedprocess] [info] Scanned user extensions: 16
[2019-02-20 15:33:52.420] [sharedprocess] [info] Scanned user extensions: 16
[2019-02-20 15:38:52.451] [sharedprocess] [info] Scanned user extensions: 16
[2019-02-20 15:43:52.486] [sharedprocess] [info] Scanned user extensions: 16
[2019-02-20 15:48:52.522] [sharedprocess] [info] Scanned user extensions: 16
[2019-02-20 15:53:52.563] [sharedprocess] [info] Scanned user extensions: 16
[2019-02-20 15:58:52.602] [sharedprocess] [info] Scanned user extensions: 16
[2019-02-20 16:03:52.642] [sharedprocess] [info] Scanned user extensions: 16
[2019-02-20 16:08:52.674] [sharedprocess] [info] Scanned user extensions: 16
[2019-02-20 16:13:52.713] [sharedprocess] [info] Scanned user extensions: 16
[2019-02-20 16:18:52.747] [sharedprocess] [info] Scanned user extensions: 16
[2019-02-20 16:23:52.791] [sharedprocess] [info] Scanned user extensions: 16
[2019-02-20 16:28:52.832] [sharedprocess] [info] Scanned user extensions: 16
[2019-02-20 16:33:52.869] [sharedprocess] [info] Scanned user extensions: 16
[2019-02-20 16:38:52.902] [sharedprocess] [info] Scanned user extensions: 16
[2019-02-20 16:43:52.940] [sharedprocess] [info] Scanned user extensions: 16
[2019-02-20 16:48:52.983] [sharedprocess] [info] Scanned user extensions: 16
[2019-02-20 16:53:53.024] [sharedprocess] [info] Scanned user extensions: 16
[2019-02-20 16:58:53.065] [sharedprocess] [info] Scanned user extensions: 16
[2019-02-20 17:03:53.104] [sharedprocess] [info] Scanned user extensions: 16
[2019-02-20 17:08:53.149] [sharedprocess] [info] Scanned user extensions: 16
[2019-02-20 17:13:53.185] [sharedprocess] [info] Scanned user extensions: 16
[2019-02-20 17:18:53.225] [sharedprocess] [info] Scanned user extensions: 16
[2019-02-20 17:23:53.262] [sharedprocess] [info] Scanned user extensions: 16
[2019-02-20 17:28:53.313] [sharedprocess] [info] Scanned user extensions: 16
[2019-02-20 17:33:53.355] [sharedprocess] [info] Scanned user extensions: 16
[2019-02-20 17:38:53.399] [sharedprocess] [info] Scanned user extensions: 16
[2019-02-20 17:43:53.436] [sharedprocess] [info] Scanned user extensions: 16
[2019-02-20 17:48:53.474] [sharedprocess] [info] Scanned user extensions: 16
[2019-02-20 17:53:53.515] [sharedprocess] [info] Scanned user extensions: 16
