[12/01/18, 13:32:01:540] info: ╔═════════════════════════════════════════════════════════════════════════════════╗
[12/01/18, 13:32:01:541] info: ║      Slack 3.3.3, linux 4.14.83-1-MANJARO on x64 at 12/01/18, 13:32:01:537      ║
[12/01/18, 13:32:01:541] info: ╚═════════════════════════════════════════════════════════════════════════════════╝
[12/01/18, 13:32:01:628] info: Initializing local storage instance at path: /home/awh4kc/.config/Slack/local-settings.json
[12/01/18, 13:32:01:990] info: Store: BACKGROUND_CLIENTS_INITIALIZED
[12/01/18, 13:32:01:995] info: Store: BACKGROUND_CLIENTS_INITIALIZED true
[12/01/18, 13:32:02:509] info: Store: SET_NETWORK_STATUS online
[12/01/18, 13:32:02:511] info: Store: MAIN_WINDOW_SHOWN
[12/01/18, 13:32:02:533] info: Store: ADD_WINDOW
{
  "id": 3,
  "type": "sign-in"
}
[12/03/18, 12:40:33:624] info: ╔═════════════════════════════════════════════════════════════════════════════════╗
[12/03/18, 12:40:33:625] info: ║      Slack 3.3.3, linux 4.14.83-1-MANJARO on x64 at 12/03/18, 12:40:33:622      ║
[12/03/18, 12:40:33:625] info: ╚═════════════════════════════════════════════════════════════════════════════════╝
[12/03/18, 12:40:33:700] info: Initializing local storage instance at path: /home/awh4kc/.config/Slack/local-settings.json
[12/03/18, 12:40:34:229] info: Store: BACKGROUND_CLIENTS_INITIALIZED
[12/03/18, 12:40:34:300] info: Store: BACKGROUND_CLIENTS_INITIALIZED true
[12/03/18, 12:40:34:710] info: Store: SET_NETWORK_STATUS online
[12/03/18, 12:40:37:226] info: Store: UPSERT_WEB_CONTENTS
{
  "id": 3,
  "state": "loaded",
  "teamId": "TE6RMFGJ1"
}
[12/03/18, 12:40:37:235] info: Store: MAIN_WINDOW_SHOWN
[12/03/18, 12:40:37:242] info: Store: SET_FULL_SCREEN
[12/03/18, 12:40:37:243] info: Store: SET_FULL_SCREEN
[12/03/18, 12:40:37:244] info: Store: SET_FULL_SCREEN
[12/05/18, 15:04:10:883] info: ╔════════════════════════════════════════════════════════════════════════════════╗
[12/05/18, 15:04:10:884] info: ║      Slack 3.3.3, linux 4.19.6-1-MANJARO on x64 at 12/05/18, 15:04:10:881      ║
[12/05/18, 15:04:10:884] info: ╚════════════════════════════════════════════════════════════════════════════════╝
[12/05/18, 15:04:10:975] info: Initializing local storage instance at path: /home/awh4kc/.config/Slack/local-settings.json
[12/05/18, 15:04:11:625] info: Store: BACKGROUND_CLIENTS_INITIALIZED
[12/05/18, 15:04:11:731] info: Store: BACKGROUND_CLIENTS_INITIALIZED true
[12/05/18, 15:04:12:127] info: Store: SET_NETWORK_STATUS online
[12/05/18, 15:04:15:280] info: Store: UPSERT_WEB_CONTENTS
{
  "id": 4,
  "state": "loaded",
  "teamId": "TCK2Z3A04"
}
[12/05/18, 15:04:15:286] info: Store: UPSERT_WEB_CONTENTS
{
  "id": 3,
  "state": "loaded",
  "teamId": "TE6RMFGJ1"
}
[12/05/18, 15:04:15:288] info: Store: MAIN_WINDOW_SHOWN
[12/05/18, 15:04:15:307] info: Store: SET_FULL_SCREEN
[12/05/18, 15:23:49:291] info: ╔═════════════════════════════════════════════════════════════════════════════════╗
[12/05/18, 15:23:49:292] info: ║      Slack 3.3.3, linux 4.14.85-1-MANJARO on x64 at 12/05/18, 15:23:49:288      ║
[12/05/18, 15:23:49:292] info: ╚═════════════════════════════════════════════════════════════════════════════════╝
[12/05/18, 15:23:49:414] info: Initializing local storage instance at path: /home/awh4kc/.config/Slack/local-settings.json
[12/05/18, 15:23:50:014] info: Store: BACKGROUND_CLIENTS_INITIALIZED
[12/05/18, 15:23:50:073] info: Store: BACKGROUND_CLIENTS_INITIALIZED true
[12/05/18, 15:23:50:569] info: Store: SET_NETWORK_STATUS online
[12/05/18, 15:23:53:805] info: Store: UPSERT_WEB_CONTENTS
{
  "id": 4,
  "state": "loaded",
  "teamId": "TCK2Z3A04"
}
[12/05/18, 15:23:53:822] info: Store: UPSERT_WEB_CONTENTS
{
  "id": 3,
  "state": "loaded",
  "teamId": "TE6RMFGJ1"
}
[12/05/18, 15:23:53:827] info: Store: MAIN_WINDOW_SHOWN
[12/05/18, 15:23:53:848] info: Store: SET_FULL_SCREEN
[12/05/18, 15:23:53:850] info: Store: SET_FULL_SCREEN
[12/05/18, 15:23:53:850] info: Store: SET_FULL_SCREEN
[12/17/18, 18:25:53:568] info: ╔════════════════════════════════════════════════════════════════════════════════╗
[12/17/18, 18:25:53:569] info: ║      Slack 3.3.3, linux 4.19.8-2-MANJARO on x64 at 12/17/18, 18:25:53:566      ║
[12/17/18, 18:25:53:569] info: ╚════════════════════════════════════════════════════════════════════════════════╝
[12/17/18, 18:25:53:695] info: Initializing local storage instance at path: /home/awh4kc/.config/Slack/local-settings.json
[12/17/18, 18:25:54:369] info: Store: BACKGROUND_CLIENTS_INITIALIZED
[12/17/18, 18:25:54:487] info: Store: BACKGROUND_CLIENTS_INITIALIZED true
[12/17/18, 18:25:54:879] info: Store: SET_NETWORK_STATUS online
[12/17/18, 18:25:58:375] info: Store: UPSERT_WEB_CONTENTS
{
  "id": 3,
  "state": "loaded",
  "teamId": "TCK2Z3A04"
}
[12/17/18, 18:25:58:378] info: Store: MAIN_WINDOW_SHOWN
[12/17/18, 18:25:58:405] info: Store: SET_FULL_SCREEN
[12/17/18, 18:25:58:414] info: Store: SET_FULL_SCREEN
[12/23/18, 14:34:22:466] info: ╔═════════════════════════════════════════════════════════════════════════════════╗
[12/23/18, 14:34:22:467] info: ║      Slack 3.3.3, linux 4.14.87-1-MANJARO on x64 at 12/23/18, 14:34:22:463      ║
[12/23/18, 14:34:22:467] info: ╚═════════════════════════════════════════════════════════════════════════════════╝
[12/23/18, 14:34:22:572] info: Initializing local storage instance at path: /home/awh4kc/.config/Slack/local-settings.json
[12/23/18, 14:34:23:293] info: Store: BACKGROUND_CLIENTS_INITIALIZED
[12/23/18, 14:34:23:391] info: Store: BACKGROUND_CLIENTS_INITIALIZED true
[12/23/18, 14:34:23:783] info: Store: SET_NETWORK_STATUS online
[12/23/18, 14:34:27:291] info: Store: UPSERT_WEB_CONTENTS
{
  "id": 3,
  "state": "loaded",
  "teamId": "TCK2Z3A04"
}
[12/23/18, 14:34:27:294] info: Store: MAIN_WINDOW_SHOWN
[12/23/18, 14:34:27:304] info: Store: SET_FULL_SCREEN
[12/23/18, 14:34:27:305] info: Store: SET_FULL_SCREEN
[12/23/18, 14:34:27:306] info: Store: SET_FULL_SCREEN
[01/03/19, 01:53:58:187] info: ╔═════════════════════════════════════════════════════════════════════════════════╗
[01/03/19, 01:53:58:188] info: ║      Slack 3.3.3, linux 4.19.13-1-MANJARO on x64 at 01/03/19, 01:53:58:177      ║
[01/03/19, 01:53:58:188] info: ╚═════════════════════════════════════════════════════════════════════════════════╝
[01/03/19, 01:53:58:306] info: Initializing local storage instance at path: /home/awh4kc/.config/Slack/local-settings.json
[01/03/19, 01:53:58:945] info: Store: BACKGROUND_CLIENTS_INITIALIZED
[01/03/19, 01:53:59:045] info: Store: BACKGROUND_CLIENTS_INITIALIZED true
[01/03/19, 01:53:59:432] info: Store: SET_NETWORK_STATUS online
[01/03/19, 01:54:04:234] info: Store: UPSERT_WEB_CONTENTS
{
  "id": 3,
  "state": "loaded",
  "teamId": "TE6RMFGJ1"
}
[01/03/19, 01:54:04:234] info: Store: MAIN_WINDOW_SHOWN
[01/03/19, 01:54:04:290] info: Store: SET_FULL_SCREEN
[01/03/19, 01:54:04:291] info: Store: SET_FULL_SCREEN
[01/03/19, 01:54:04:292] info: Store: SET_FULL_SCREEN
[01/15/19, 00:52:01:486] info: ╔═════════════════════════════════════════════════════════════════════════════════╗
[01/15/19, 00:52:01:487] info: ║      Slack 3.3.3, linux 4.19.13-1-MANJARO on x64 at 01/15/19, 00:52:01:483      ║
[01/15/19, 00:52:01:487] info: ╚═════════════════════════════════════════════════════════════════════════════════╝
[01/15/19, 00:52:01:582] info: Initializing local storage instance at path: /home/awh4kc/.config/Slack/local-settings.json
[01/15/19, 00:52:02:177] info: Store: BACKGROUND_CLIENTS_INITIALIZED
[01/15/19, 00:52:02:289] info: Store: BACKGROUND_CLIENTS_INITIALIZED true
[01/15/19, 00:52:02:682] info: Store: SET_NETWORK_STATUS online
[01/15/19, 00:52:06:105] info: Store: UPSERT_WEB_CONTENTS
{
  "id": 3,
  "state": "loaded",
  "teamId": "TE6RMFGJ1"
}
[01/15/19, 00:52:06:112] info: Store: MAIN_WINDOW_SHOWN
[01/15/19, 00:52:06:118] info: Store: SET_FULL_SCREEN
[01/15/19, 00:52:06:120] info: Store: SET_FULL_SCREEN
[01/15/19, 00:52:06:121] info: Store: SET_FULL_SCREEN
[01/15/19, 16:10:06:686] info: ╔═════════════════════════════════════════════════════════════════════════════════╗
[01/15/19, 16:10:06:687] info: ║      Slack 3.3.3, linux 4.19.13-1-MANJARO on x64 at 01/15/19, 16:10:06:682      ║
[01/15/19, 16:10:06:687] info: ╚═════════════════════════════════════════════════════════════════════════════════╝
[01/15/19, 16:10:06:819] info: Initializing local storage instance at path: /home/awh4kc/.config/Slack/local-settings.json
[01/15/19, 16:10:07:468] info: Store: BACKGROUND_CLIENTS_INITIALIZED
[01/15/19, 16:10:07:591] info: Store: BACKGROUND_CLIENTS_INITIALIZED true
[01/15/19, 16:10:07:982] info: Store: SET_NETWORK_STATUS online
[01/15/19, 16:10:11:205] info: Store: UPSERT_WEB_CONTENTS
{
  "id": 3,
  "state": "loaded",
  "teamId": "TE6RMFGJ1"
}
[01/15/19, 16:10:11:209] info: Store: MAIN_WINDOW_SHOWN
[01/15/19, 16:10:11:219] info: Store: SET_FULL_SCREEN
[01/15/19, 16:10:11:220] info: Store: SET_FULL_SCREEN
[01/15/19, 16:10:11:221] info: Store: SET_FULL_SCREEN
[01/18/19, 14:11:48:816] info: ╔═════════════════════════════════════════════════════════════════════════════════╗
[01/18/19, 14:11:48:817] info: ║      Slack 3.3.3, linux 4.19.14-1-MANJARO on x64 at 01/18/19, 14:11:48:812      ║
[01/18/19, 14:11:48:817] info: ╚═════════════════════════════════════════════════════════════════════════════════╝
[01/18/19, 14:11:48:955] info: Initializing local storage instance at path: /home/awh4kc/.config/Slack/local-settings.json
[01/18/19, 14:11:49:533] info: Store: BACKGROUND_CLIENTS_INITIALIZED
[01/18/19, 14:11:49:660] info: Store: BACKGROUND_CLIENTS_INITIALIZED true
[01/18/19, 14:11:50:053] info: Store: SET_NETWORK_STATUS online
[01/18/19, 14:11:53:474] info: Store: UPSERT_WEB_CONTENTS
{
  "id": 6,
  "state": "loaded",
  "teamId": "T43HDT2CQ"
}
[01/18/19, 14:11:53:480] info: Store: UPSERT_WEB_CONTENTS
{
  "id": 3,
  "state": "loaded",
  "teamId": "TE6RMFGJ1"
}
[01/18/19, 14:11:53:486] info: Store: MAIN_WINDOW_SHOWN
[01/18/19, 14:11:53:493] info: Store: SET_FULL_SCREEN
[01/18/19, 14:11:53:495] info: Store: SET_FULL_SCREEN
[01/18/19, 14:11:53:495] info: Store: SET_FULL_SCREEN
[01/21/19, 16:24:04:172] info: ╔═════════════════════════════════════════════════════════════════════════════════╗
[01/21/19, 16:24:04:179] info: ║      Slack 3.3.3, linux 4.19.14-1-MANJARO on x64 at 01/21/19, 16:24:04:167      ║
[01/21/19, 16:24:04:179] info: ╚═════════════════════════════════════════════════════════════════════════════════╝
[01/21/19, 16:24:04:320] info: Initializing local storage instance at path: /home/awh4kc/.config/Slack/local-settings.json
[01/21/19, 16:24:05:018] info: Store: BACKGROUND_CLIENTS_INITIALIZED
[01/21/19, 16:24:05:117] info: Store: BACKGROUND_CLIENTS_INITIALIZED true
[01/21/19, 16:24:05:588] info: Store: SET_NETWORK_STATUS online
[01/21/19, 16:24:08:409] info: Store: UPSERT_WEB_CONTENTS
{
  "id": 3,
  "state": "loaded",
  "teamId": "TE6RMFGJ1"
}
[01/21/19, 16:24:08:414] info: Store: MAIN_WINDOW_SHOWN
[01/21/19, 16:24:08:428] info: Store: SET_FULL_SCREEN
[01/21/19, 16:24:08:429] info: Store: SET_FULL_SCREEN
[01/21/19, 16:24:08:430] info: Store: SET_FULL_SCREEN
[01/30/19, 19:08:14:664] info: ╔═════════════════════════════════════════════════════════════════════════════════╗
[01/30/19, 19:08:14:665] info: ║      Slack 3.3.3, linux 4.19.14-1-MANJARO on x64 at 01/30/19, 19:08:14:660      ║
[01/30/19, 19:08:14:666] info: ╚═════════════════════════════════════════════════════════════════════════════════╝
[01/30/19, 19:08:14:819] info: Initializing local storage instance at path: /home/awh4kc/.config/Slack/local-settings.json
[01/30/19, 19:08:15:551] info: Store: BACKGROUND_CLIENTS_INITIALIZED
[01/30/19, 19:08:15:749] info: Store: BACKGROUND_CLIENTS_INITIALIZED true
[01/30/19, 19:08:16:213] info: Store: SET_NETWORK_STATUS online
[01/30/19, 19:08:19:493] info: Store: UPSERT_WEB_CONTENTS
{
  "id": 3,
  "state": "loaded",
  "teamId": "TE6RMFGJ1"
}
[01/30/19, 19:08:19:495] info: Store: MAIN_WINDOW_SHOWN
[01/30/19, 19:08:19:524] info: Store: SET_FULL_SCREEN
[01/30/19, 19:08:19:544] info: Store: SET_FULL_SCREEN
[01/30/19, 19:08:19:548] info: Store: SET_FULL_SCREEN
[01/30/19, 19:08:19:550] info: Store: SET_FULL_SCREEN
[01/31/19, 23:44:00:722] info: ╔═════════════════════════════════════════════════════════════════════════════════╗
[01/31/19, 23:44:00:723] info: ║      Slack 3.3.3, linux 4.19.14-1-MANJARO on x64 at 01/31/19, 23:44:00:718      ║
[01/31/19, 23:44:00:723] info: ╚═════════════════════════════════════════════════════════════════════════════════╝
[01/31/19, 23:44:00:836] info: Initializing local storage instance at path: /home/awh4kc/.config/Slack/local-settings.json
[01/31/19, 23:44:01:418] info: Store: BACKGROUND_CLIENTS_INITIALIZED
[01/31/19, 23:44:01:525] info: Store: BACKGROUND_CLIENTS_INITIALIZED true
[01/31/19, 23:44:01:916] info: Store: SET_NETWORK_STATUS online
[01/31/19, 23:44:04:779] info: Store: UPSERT_WEB_CONTENTS
{
  "id": 7,
  "state": "loaded",
  "teamId": "TCK2Z3A04"
}
[01/31/19, 23:44:04:923] info: Store: UPSERT_WEB_CONTENTS
{
  "id": 3,
  "state": "loaded",
  "teamId": "TE6RMFGJ1"
}
[01/31/19, 23:44:04:929] info: Store: MAIN_WINDOW_SHOWN
[01/31/19, 23:44:04:940] info: Store: SET_FULL_SCREEN
[01/31/19, 23:44:04:942] info: Store: SET_FULL_SCREEN
[02/01/19, 18:35:20:950] info: ╔═════════════════════════════════════════════════════════════════════════════════╗
[02/01/19, 18:35:20:951] info: ║      Slack 3.3.3, linux 4.19.14-1-MANJARO on x64 at 02/01/19, 18:35:20:946      ║
[02/01/19, 18:35:20:951] info: ╚═════════════════════════════════════════════════════════════════════════════════╝
[02/01/19, 18:35:21:057] info: Initializing local storage instance at path: /home/awh4kc/.config/Slack/local-settings.json
[02/01/19, 18:35:21:629] info: Store: BACKGROUND_CLIENTS_INITIALIZED
[02/01/19, 18:35:21:720] info: Store: BACKGROUND_CLIENTS_INITIALIZED true
[02/01/19, 18:35:22:115] info: Store: SET_NETWORK_STATUS online
[02/01/19, 18:35:25:294] info: Store: UPSERT_WEB_CONTENTS
{
  "id": 3,
  "state": "loaded",
  "teamId": "TE6RMFGJ1"
}
[02/01/19, 18:35:25:295] info: Store: MAIN_WINDOW_SHOWN
[02/01/19, 18:35:25:306] info: Store: SET_FULL_SCREEN
[02/01/19, 18:35:25:307] info: Store: SET_FULL_SCREEN
[02/01/19, 18:35:25:308] info: Store: SET_FULL_SCREEN
[02/03/19, 12:46:49:797] info: ╔═════════════════════════════════════════════════════════════════════════════════╗
[02/03/19, 12:46:49:798] info: ║      Slack 3.3.3, linux 4.19.14-1-MANJARO on x64 at 02/03/19, 12:46:49:793      ║
[02/03/19, 12:46:49:798] info: ╚═════════════════════════════════════════════════════════════════════════════════╝
[02/03/19, 12:46:49:938] info: Initializing local storage instance at path: /home/awh4kc/.config/Slack/local-settings.json
[02/03/19, 12:46:50:586] info: Store: BACKGROUND_CLIENTS_INITIALIZED
[02/03/19, 12:46:50:721] info: Store: BACKGROUND_CLIENTS_INITIALIZED true
[02/03/19, 12:46:51:110] info: Store: SET_NETWORK_STATUS online
[02/03/19, 12:46:54:643] info: Store: UPSERT_WEB_CONTENTS
{
  "id": 3,
  "state": "loaded",
  "teamId": "TE6RMFGJ1"
}
[02/03/19, 12:46:54:655] info: Store: MAIN_WINDOW_SHOWN
[02/03/19, 12:46:54:670] info: Store: SET_FULL_SCREEN
[02/03/19, 12:46:54:679] info: Store: SET_FULL_SCREEN
[02/03/19, 12:46:54:680] info: Store: SET_FULL_SCREEN
[02/03/19, 12:46:54:681] info: Store: SET_FULL_SCREEN
[02/03/19, 13:16:48:061] info: ╔═════════════════════════════════════════════════════════════════════════════════╗
[02/03/19, 13:16:48:062] info: ║      Slack 3.3.3, linux 4.19.16-1-MANJARO on x64 at 02/03/19, 13:16:48:056      ║
[02/03/19, 13:16:48:062] info: ╚═════════════════════════════════════════════════════════════════════════════════╝
[02/03/19, 13:16:48:212] info: Initializing local storage instance at path: /home/awh4kc/.config/Slack/local-settings.json
[02/03/19, 13:16:48:853] info: Store: BACKGROUND_CLIENTS_INITIALIZED
[02/03/19, 13:16:49:003] info: Store: BACKGROUND_CLIENTS_INITIALIZED true
[02/03/19, 13:16:49:387] info: Store: SET_NETWORK_STATUS online
[02/03/19, 13:16:52:609] info: Store: UPSERT_WEB_CONTENTS
{
  "id": 3,
  "state": "loaded",
  "teamId": "TE6RMFGJ1"
}
[02/03/19, 13:16:52:613] info: Store: MAIN_WINDOW_SHOWN
[02/03/19, 13:16:52:627] info: Store: SET_FULL_SCREEN
[02/03/19, 13:16:52:631] info: Store: SET_FULL_SCREEN
[02/03/19, 13:16:52:635] info: Store: SET_FULL_SCREEN
[02/09/19, 22:29:33:110] info: ╔═════════════════════════════════════════════════════════════════════════════════╗
[02/09/19, 22:29:33:111] info: ║      Slack 3.3.3, linux 4.19.20-1-MANJARO on x64 at 02/09/19, 22:29:33:106      ║
[02/09/19, 22:29:33:111] info: ╚═════════════════════════════════════════════════════════════════════════════════╝
[02/09/19, 22:29:33:248] info: Initializing local storage instance at path: /home/awh4kc/.config/Slack/local-settings.json
[02/09/19, 22:29:33:912] info: Store: BACKGROUND_CLIENTS_INITIALIZED
[02/09/19, 22:29:34:045] info: Store: BACKGROUND_CLIENTS_INITIALIZED true
[02/09/19, 22:29:34:427] info: Store: SET_NETWORK_STATUS online
[02/09/19, 22:29:35:637] info: Store: FOREGROUND_APP
[02/09/19, 22:29:38:741] info: Store: UPSERT_WEB_CONTENTS
{
  "id": 3,
  "state": "loaded",
  "teamId": "TE6RMFGJ1"
}
[02/09/19, 22:29:38:748] info: Store: MAIN_WINDOW_SHOWN
[02/09/19, 22:29:38:780] info: Store: SET_FULL_SCREEN
[02/09/19, 22:34:53:356] info: ╔═════════════════════════════════════════════════════════════════════════════════╗
[02/09/19, 22:34:53:357] info: ║      Slack 3.3.3, linux 4.19.20-1-MANJARO on x64 at 02/09/19, 22:34:53:353      ║
[02/09/19, 22:34:53:357] info: ╚═════════════════════════════════════════════════════════════════════════════════╝
[02/09/19, 22:34:53:532] info: Initializing local storage instance at path: /home/awh4kc/.config/Slack/local-settings.json
[02/09/19, 22:34:54:523] info: Store: BACKGROUND_CLIENTS_INITIALIZED
[02/09/19, 22:34:54:685] info: Store: BACKGROUND_CLIENTS_INITIALIZED true
[02/09/19, 22:34:55:149] info: Store: SET_NETWORK_STATUS online
[02/09/19, 22:34:58:797] info: Store: UPSERT_WEB_CONTENTS
{
  "id": 3,
  "state": "loaded",
  "teamId": "TE6RMFGJ1"
}
[02/09/19, 22:34:58:798] info: Store: MAIN_WINDOW_SHOWN
[02/09/19, 22:34:58:821] info: Store: SET_FULL_SCREEN
[02/09/19, 22:34:58:825] info: Store: SET_FULL_SCREEN
[02/09/19, 22:34:58:827] info: Store: SET_FULL_SCREEN
[02/18/19, 13:49:06:855] info: ╔═════════════════════════════════════════════════════════════════════════════════╗
[02/18/19, 13:49:06:856] info: ║      Slack 3.3.3, linux 4.19.20-1-MANJARO on x64 at 02/18/19, 13:49:06:852      ║
[02/18/19, 13:49:06:856] info: ╚═════════════════════════════════════════════════════════════════════════════════╝
[02/18/19, 13:49:06:943] info: Initializing local storage instance at path: /home/awh4kc/.config/Slack/local-settings.json
[02/18/19, 13:49:07:623] info: Store: BACKGROUND_CLIENTS_INITIALIZED
[02/18/19, 13:49:10:735] info: Store: UPSERT_WEB_CONTENTS
{
  "id": 3,
  "state": "loaded",
  "teamId": "T09RRDKPZ"
}
[02/18/19, 13:49:10:791] info: Store: UPSERT_WEB_CONTENTS
{
  "id": 4,
  "state": "loaded",
  "teamId": "TE6RMFGJ1"
}
[02/18/19, 13:49:11:185] info: Store: SELECT_CHANNEL C09RR8U0L
[02/18/19, 13:49:11:188] info: Store: UPDATE_TEAM_LOCALE
{
  "locale": "en-US",
  "teamId": "T09RRDKPZ"
}
[02/18/19, 13:49:11:198] info: Store: UPDATE_SETTINGS
{
  "locale": "en-US"
}
[02/18/19, 13:49:11:204] info: Store: UPDATE_TEAM_THEME
{
  "teamId": "T09RRDKPZ",
  "theme": {
    "active_item": "#1264A3",
    "active_item_text": "#FFFFFF",
    "active_presence": "#2BAC76",
    "badge": "#CD2553",
    "column_bg": "#3F0E40",
    "hover_item": "#350D36",
    "menu_bg": "#350d36",
    "text_color": "#FFFFFF"
  }
}
[02/18/19, 13:49:11:491] info: Store: UPDATE_TEAM_LOCALE
{
  "locale": "en-US",
  "teamId": "T09RRDKPZ"
}
[02/18/19, 13:49:11:503] info: Store: UPSERT_WEB_CONTENTS
{
  "id": 3,
  "state": "webapp-loaded",
  "teamId": "T09RRDKPZ"
}
[02/18/19, 13:49:11:518] info: Store: UPDATE_SETTINGS
{
  "sandboxSigninWindow": true
}
[02/18/19, 13:49:11:684] info: Store: SELECT_CHANNEL CE6KUPZK4
[02/18/19, 13:49:11:687] info: Store: UPDATE_TEAM_LOCALE
{
  "locale": "en-US",
  "teamId": "TE6RMFGJ1"
}
[02/18/19, 13:49:11:694] info: Store: UPDATE_TEAM_THEME
{
  "teamId": "TE6RMFGJ1",
  "theme": {
    "active_item": "#1264A3",
    "active_item_text": "#FFFFFF",
    "active_presence": "#2BAC76",
    "badge": "#CD2553",
    "column_bg": "#3F0E40",
    "hover_item": "#350D36",
    "menu_bg": "#350d36",
    "text_color": "#FFFFFF"
  }
}
[02/18/19, 13:49:11:963] info: Store: UPDATE_TEAM_LOCALE
{
  "locale": "en-US",
  "teamId": "TE6RMFGJ1"
}
[02/18/19, 13:49:11:968] info: Store: UPSERT_WEB_CONTENTS
{
  "id": 4,
  "state": "webapp-loaded",
  "teamId": "TE6RMFGJ1"
}
[02/18/19, 13:49:11:971] info: Store: UPDATE_SETTINGS
{
  "sandboxSigninWindow": true
}
[02/18/19, 13:49:12:045] info: Store: STORE_ENTERPRISE_ID_PAIR
{
  "enterpriseId": null,
  "teamId": "T09RRDKPZ"
}
[02/18/19, 13:49:12:149] info: Store: STORE_ENTERPRISE_ID_PAIR
{
  "enterpriseId": null,
  "teamId": "TE6RMFGJ1"
}
[02/18/19, 13:49:12:686] info: Store: UPDATE_SESSION_STATUS
{
  "hasValidSession": true,
  "teamId": "T09RRDKPZ"
}
[02/18/19, 13:49:12:687] info: Store: UPDATE_SESSION_STATUS
{
  "hasValidSession": true,
  "teamId": "TE6RMFGJ1"
}
[02/18/19, 13:49:12:702] info: Store: START_BACKGROUND_CLIENT
{
  "teamId": "T1ZBDCSPP",
  "token": "xoxs-⋯"
}
[02/18/19, 13:49:12:747] info: Store: START_BACKGROUND_CLIENT
{
  "teamId": "T43HDT2CQ",
  "token": "xoxs-⋯"
}
[02/18/19, 13:49:12:792] info: Store: START_BACKGROUND_CLIENT
{
  "teamId": "TCK2Z3A04",
  "token": "xoxs-⋯"
}
[02/18/19, 13:49:12:793] info: Store: BACKGROUND_CLIENTS_INITIALIZED true
[02/18/19, 13:49:12:988] info: Store: FOREGROUND_APP
[02/18/19, 13:49:13:061] info: Store: SET_NETWORK_STATUS online
[02/18/19, 13:49:13:065] info: Store: MAIN_WINDOW_SHOWN
[02/19/19, 18:57:30:477] info: ╔═════════════════════════════════════════════════════════════════════════════════╗
[02/19/19, 18:57:30:478] info: ║      Slack 3.3.3, linux 4.19.20-1-MANJARO on x64 at 02/19/19, 18:57:30:474      ║
[02/19/19, 18:57:30:478] info: ╚═════════════════════════════════════════════════════════════════════════════════╝
[02/19/19, 18:57:30:564] info: Initializing local storage instance at path: /home/awh4kc/.config/Slack/local-settings.json
[02/19/19, 18:57:31:173] info: Store: BACKGROUND_CLIENTS_INITIALIZED
[02/19/19, 18:57:31:310] info: Store: START_BACKGROUND_CLIENT
{
  "teamId": "T09RRDKPZ",
  "token": "xoxs-⋯"
}
[02/19/19, 18:57:31:360] info: Store: START_BACKGROUND_CLIENT
{
  "teamId": "T1ZBDCSPP",
  "token": "xoxs-⋯"
}
[02/19/19, 18:57:31:417] info: Store: START_BACKGROUND_CLIENT
{
  "teamId": "T43HDT2CQ",
  "token": "xoxs-⋯"
}
[02/19/19, 18:57:31:473] info: Store: START_BACKGROUND_CLIENT
{
  "teamId": "TCK2Z3A04",
  "token": "xoxs-⋯"
}
[02/19/19, 18:57:31:475] info: Store: BACKGROUND_CLIENTS_INITIALIZED true
[02/19/19, 18:57:31:641] info: Store: SET_NETWORK_STATUS online
[02/19/19, 18:57:34:170] info: Store: UPSERT_WEB_CONTENTS
{
  "id": 3,
  "state": "loaded",
  "teamId": "TE6RMFGJ1"
}
[02/19/19, 18:57:34:173] info: Store: MAIN_WINDOW_SHOWN
[02/19/19, 18:57:34:181] info: Store: SET_FULL_SCREEN
[02/19/19, 18:57:34:182] info: Store: SET_FULL_SCREEN
[02/19/19, 18:57:34:183] info: Store: SET_FULL_SCREEN
[02/19/19, 19:22:58:501] info: ╔═════════════════════════════════════════════════════════════════════════════════╗
[02/19/19, 19:22:58:502] info: ║      Slack 3.3.3, linux 4.19.20-1-MANJARO on x64 at 02/19/19, 19:22:58:497      ║
[02/19/19, 19:22:58:502] info: ╚═════════════════════════════════════════════════════════════════════════════════╝
[02/19/19, 19:22:58:588] info: Initializing local storage instance at path: /home/awh4kc/.config/Slack/local-settings.json
[02/19/19, 19:22:59:215] info: Store: BACKGROUND_CLIENTS_INITIALIZED
[02/19/19, 19:22:59:358] info: Store: START_BACKGROUND_CLIENT
{
  "teamId": "T09RRDKPZ",
  "token": "xoxs-⋯"
}
[02/19/19, 19:22:59:406] info: Store: START_BACKGROUND_CLIENT
{
  "teamId": "T1ZBDCSPP",
  "token": "xoxs-⋯"
}
[02/19/19, 19:22:59:449] info: Store: START_BACKGROUND_CLIENT
{
  "teamId": "T43HDT2CQ",
  "token": "xoxs-⋯"
}
[02/19/19, 19:22:59:494] info: Store: START_BACKGROUND_CLIENT
{
  "teamId": "TCK2Z3A04",
  "token": "xoxs-⋯"
}
[02/19/19, 19:22:59:496] info: Store: BACKGROUND_CLIENTS_INITIALIZED true
[02/19/19, 19:22:59:698] info: Store: SET_NETWORK_STATUS online
[02/19/19, 19:23:02:265] info: Store: UPSERT_WEB_CONTENTS
{
  "id": 3,
  "state": "loaded",
  "teamId": "TE6RMFGJ1"
}
[02/19/19, 19:23:02:269] info: Store: MAIN_WINDOW_SHOWN
[02/19/19, 19:23:02:277] info: Store: SET_FULL_SCREEN
[02/19/19, 19:23:02:277] info: Store: SET_FULL_SCREEN
[02/19/19, 19:23:02:278] info: Store: SET_FULL_SCREEN
[02/20/19, 19:03:30:207] info: ╔═════════════════════════════════════════════════════════════════════════════════╗
[02/20/19, 19:03:30:207] info: ║      Slack 3.3.3, linux 4.19.20-1-MANJARO on x64 at 02/20/19, 19:03:30:204      ║
[02/20/19, 19:03:30:207] info: ╚═════════════════════════════════════════════════════════════════════════════════╝
[02/20/19, 19:03:30:290] info: Initializing local storage instance at path: /home/awh4kc/.config/Slack/local-settings.json
[02/20/19, 19:03:30:919] info: Store: BACKGROUND_CLIENTS_INITIALIZED
[02/20/19, 19:03:31:088] info: Store: START_BACKGROUND_CLIENT
{
  "teamId": "T1ZBDCSPP",
  "token": "xoxs-⋯"
}
[02/20/19, 19:03:31:091] info: Store: BACKGROUND_CLIENTS_INITIALIZED true
[02/20/19, 19:03:31:414] info: Store: SET_NETWORK_STATUS online
[02/20/19, 19:03:34:218] info: Store: UPSERT_WEB_CONTENTS
{
  "id": 4,
  "state": "loaded",
  "teamId": "TE6RMFGJ1"
}
[02/20/19, 19:03:34:265] info: Store: UPSERT_WEB_CONTENTS
{
  "id": 3,
  "state": "loaded",
  "teamId": "T09RRDKPZ"
}
[02/20/19, 19:03:34:268] info: Store: MAIN_WINDOW_SHOWN
[02/20/19, 19:03:34:281] info: Store: SET_FULL_SCREEN
[02/20/19, 19:03:34:283] info: Store: SET_FULL_SCREEN
[02/20/19, 19:03:34:284] info: Store: SET_FULL_SCREEN
[02/20/19, 19:05:38:198] info: ╔═════════════════════════════════════════════════════════════════════════════════╗
[02/20/19, 19:05:38:199] info: ║      Slack 3.3.3, linux 4.19.20-1-MANJARO on x64 at 02/20/19, 19:05:38:196      ║
[02/20/19, 19:05:38:199] info: ╚═════════════════════════════════════════════════════════════════════════════════╝
[02/20/19, 19:05:38:287] info: Initializing local storage instance at path: /home/awh4kc/.config/Slack/local-settings.json
[02/20/19, 19:05:38:899] info: Store: BACKGROUND_CLIENTS_INITIALIZED
[02/20/19, 19:05:39:073] info: Store: START_BACKGROUND_CLIENT
{
  "teamId": "T1ZBDCSPP",
  "token": "xoxs-⋯"
}
[02/20/19, 19:05:39:073] info: Store: BACKGROUND_CLIENTS_INITIALIZED true
[02/20/19, 19:05:39:381] info: Store: SET_NETWORK_STATUS online
[02/20/19, 19:05:42:094] info: Store: UPSERT_WEB_CONTENTS
{
  "id": 4,
  "state": "loaded",
  "teamId": "TE6RMFGJ1"
}
[02/20/19, 19:05:42:255] info: Store: UPDATE_SESSION_STATUS
{
  "hasValidSession": true,
  "teamId": "TE6RMFGJ1"
}
[02/20/19, 19:05:42:264] info: Store: UPSERT_WEB_CONTENTS
{
  "id": 3,
  "state": "loaded",
  "teamId": "T09RRDKPZ"
}
[02/20/19, 19:05:42:268] info: Store: MAIN_WINDOW_SHOWN
[02/20/19, 19:05:42:277] info: Store: SET_FULL_SCREEN
[02/20/19, 19:05:42:278] info: Store: SET_FULL_SCREEN
[02/20/19, 19:05:42:279] info: Store: SET_FULL_SCREEN
[02/21/19, 16:07:21:181] info: ╔═════════════════════════════════════════════════════════════════════════════════╗
[02/21/19, 16:07:21:182] info: ║      Slack 3.3.3, linux 4.19.23-1-MANJARO on x64 at 02/21/19, 16:07:21:179      ║
[02/21/19, 16:07:21:182] info: ╚═════════════════════════════════════════════════════════════════════════════════╝
[02/21/19, 16:07:21:300] info: Initializing local storage instance at path: /home/awh4kc/.config/Slack/local-settings.json
[02/21/19, 16:07:21:740] info: Store: BACKGROUND_CLIENTS_INITIALIZED
[02/21/19, 16:07:21:917] info: Store: START_BACKGROUND_CLIENT
{
  "teamId": "T1ZBDCSPP",
  "token": "xoxs-⋯"
}
[02/21/19, 16:07:21:919] info: Store: BACKGROUND_CLIENTS_INITIALIZED true
[02/21/19, 16:07:22:227] info: Store: SET_NETWORK_STATUS online
[02/21/19, 16:07:24:769] info: Store: UPSERT_WEB_CONTENTS
{
  "id": 3,
  "state": "loaded",
  "teamId": "T09RRDKPZ"
}
[02/21/19, 16:07:24:773] info: Store: MAIN_WINDOW_SHOWN
[02/21/19, 16:07:24:790] info: Store: SET_FULL_SCREEN
[02/24/19, 16:51:40:539] info: ╔═════════════════════════════════════════════════════════════════════════════════╗
[02/24/19, 16:51:40:540] info: ║      Slack 3.3.3, linux 4.19.23-1-MANJARO on x64 at 02/24/19, 16:51:40:536      ║
[02/24/19, 16:51:40:540] info: ╚═════════════════════════════════════════════════════════════════════════════════╝
[02/24/19, 16:51:40:628] info: Initializing local storage instance at path: /home/awh4kc/.config/Slack/local-settings.json
[02/24/19, 16:51:41:218] info: Store: BACKGROUND_CLIENTS_INITIALIZED
[02/24/19, 16:51:41:376] info: Store: START_BACKGROUND_CLIENT
{
  "teamId": "T09RRDKPZ",
  "token": "xoxs-⋯"
}
[02/24/19, 16:51:41:425] info: Store: START_BACKGROUND_CLIENT
{
  "teamId": "T1ZBDCSPP",
  "token": "xoxs-⋯"
}
[02/24/19, 16:51:41:442] info: Store: BACKGROUND_CLIENTS_INITIALIZED true
[02/24/19, 16:51:41:704] info: Store: SET_NETWORK_STATUS online
[02/24/19, 16:51:44:176] info: Store: UPSERT_WEB_CONTENTS
{
  "id": 3,
  "state": "loaded",
  "teamId": "TE6RMFGJ1"
}
[02/24/19, 16:51:44:179] info: Store: MAIN_WINDOW_SHOWN
[02/24/19, 16:51:44:187] info: Store: SET_FULL_SCREEN
[02/24/19, 16:51:44:188] info: Store: SET_FULL_SCREEN
[02/24/19, 16:51:44:189] info: Store: SET_FULL_SCREEN
[02/26/19, 12:31:28:914] info: ╔═════════════════════════════════════════════════════════════════════════════════╗
[02/26/19, 12:31:28:914] info: ║      Slack 3.3.3, linux 4.19.23-1-MANJARO on x64 at 02/26/19, 12:31:28:911      ║
[02/26/19, 12:31:28:914] info: ╚═════════════════════════════════════════════════════════════════════════════════╝
[02/26/19, 12:31:29:005] info: Initializing local storage instance at path: /home/awh4kc/.config/Slack/local-settings.json
[02/26/19, 12:31:29:704] info: Store: BACKGROUND_CLIENTS_INITIALIZED
[02/26/19, 12:31:29:831] info: Store: START_BACKGROUND_CLIENT
{
  "teamId": "T09RRDKPZ",
  "token": "xoxs-⋯"
}
[02/26/19, 12:31:29:883] info: Store: START_BACKGROUND_CLIENT
{
  "teamId": "T1ZBDCSPP",
  "token": "xoxs-⋯"
}
[02/26/19, 12:31:29:885] info: Store: BACKGROUND_CLIENTS_INITIALIZED true
[02/26/19, 12:31:30:165] info: Store: SET_NETWORK_STATUS online
[02/26/19, 12:31:33:012] info: Store: UPSERT_WEB_CONTENTS
{
  "id": 3,
  "state": "loaded",
  "teamId": "TE6RMFGJ1"
}
[02/26/19, 12:31:33:015] info: Store: MAIN_WINDOW_SHOWN
[02/26/19, 12:31:33:024] info: Store: SET_FULL_SCREEN
[02/26/19, 12:31:33:026] info: Store: SET_FULL_SCREEN
[02/26/19, 12:31:33:027] info: Store: SET_FULL_SCREEN
[02/26/19, 22:02:29:371] info: ╔═════════════════════════════════════════════════════════════════════════════════╗
[02/26/19, 22:02:29:371] info: ║      Slack 3.3.3, linux 4.19.23-1-MANJARO on x64 at 02/26/19, 22:02:29:368      ║
[02/26/19, 22:02:29:371] info: ╚═════════════════════════════════════════════════════════════════════════════════╝
[02/26/19, 22:02:29:456] info: Initializing local storage instance at path: /home/awh4kc/.config/Slack/local-settings.json
[02/26/19, 22:02:30:031] info: Store: BACKGROUND_CLIENTS_INITIALIZED
[02/26/19, 22:02:30:220] info: Store: START_BACKGROUND_CLIENT
{
  "teamId": "T09RRDKPZ",
  "token": "xoxs-⋯"
}
[02/26/19, 22:02:30:276] info: Store: START_BACKGROUND_CLIENT
{
  "teamId": "T1ZBDCSPP",
  "token": "xoxs-⋯"
}
[02/26/19, 22:02:30:278] info: Store: BACKGROUND_CLIENTS_INITIALIZED true
[02/26/19, 22:02:30:526] info: Store: SET_NETWORK_STATUS online
[02/26/19, 22:02:33:309] info: Store: UPSERT_WEB_CONTENTS
{
  "id": 3,
  "state": "loaded",
  "teamId": "TE6RMFGJ1"
}
[02/26/19, 22:02:33:313] info: Store: MAIN_WINDOW_SHOWN
[02/26/19, 22:02:33:334] info: Store: SET_FULL_SCREEN
[02/28/19, 16:37:04:056] info: ╔═════════════════════════════════════════════════════════════════════════════════╗
[02/28/19, 16:37:04:057] info: ║      Slack 3.3.3, linux 4.19.23-1-MANJARO on x64 at 02/28/19, 16:37:04:054      ║
[02/28/19, 16:37:04:057] info: ╚═════════════════════════════════════════════════════════════════════════════════╝
[02/28/19, 16:37:04:145] info: Initializing local storage instance at path: /home/awh4kc/.config/Slack/local-settings.json
[02/28/19, 16:37:04:716] info: Store: BACKGROUND_CLIENTS_INITIALIZED
[02/28/19, 16:37:04:876] info: Store: START_BACKGROUND_CLIENT
{
  "teamId": "T09RRDKPZ",
  "token": "xoxs-⋯"
}
[02/28/19, 16:37:04:927] info: Store: START_BACKGROUND_CLIENT
{
  "teamId": "T1ZBDCSPP",
  "token": "xoxs-⋯"
}
[02/28/19, 16:37:04:929] info: Store: BACKGROUND_CLIENTS_INITIALIZED true
[02/28/19, 16:37:05:209] info: Store: SET_NETWORK_STATUS online
[02/28/19, 16:37:08:159] info: Store: UPSERT_WEB_CONTENTS
{
  "id": 3,
  "state": "loaded",
  "teamId": "TE6RMFGJ1"
}
[02/28/19, 16:37:08:163] info: Store: MAIN_WINDOW_SHOWN
[02/28/19, 16:37:08:182] info: Store: SET_FULL_SCREEN
[02/28/19, 16:37:08:183] info: Store: SET_FULL_SCREEN
[02/28/19, 16:37:08:184] info: Store: SET_FULL_SCREEN
[03/02/19, 01:17:38:122] info: ╔═════════════════════════════════════════════════════════════════════════════════╗
[03/02/19, 01:17:38:123] info: ║      Slack 3.3.3, linux 4.19.24-1-MANJARO on x64 at 03/02/19, 01:17:38:119      ║
[03/02/19, 01:17:38:123] info: ╚═════════════════════════════════════════════════════════════════════════════════╝
[03/02/19, 01:17:38:214] info: Initializing local storage instance at path: /home/awh4kc/.config/Slack/local-settings.json
[03/02/19, 01:17:38:791] info: Store: BACKGROUND_CLIENTS_INITIALIZED
[03/02/19, 01:17:38:956] info: Store: START_BACKGROUND_CLIENT
{
  "teamId": "T09RRDKPZ",
  "token": "xoxs-⋯"
}
[03/02/19, 01:17:39:040] info: Store: START_BACKGROUND_CLIENT
{
  "teamId": "T1ZBDCSPP",
  "token": "xoxs-⋯"
}
[03/02/19, 01:17:39:040] info: Store: BACKGROUND_CLIENTS_INITIALIZED true
[03/02/19, 01:17:39:271] info: Store: SET_NETWORK_STATUS online
[03/02/19, 01:17:41:856] info: Store: UPSERT_WEB_CONTENTS
{
  "id": 3,
  "state": "loaded",
  "teamId": "TE6RMFGJ1"
}
[03/02/19, 01:17:41:859] info: Store: MAIN_WINDOW_SHOWN
[03/02/19, 01:17:41:866] info: Store: SET_FULL_SCREEN
[03/02/19, 01:17:41:867] info: Store: SET_FULL_SCREEN
[03/02/19, 01:17:41:868] info: Store: SET_FULL_SCREEN
